Vivado Simulator 2020.2
Copyright 1986-1999, 2001-2020 Xilinx, Inc. All Rights Reserved.
Running: C:/Xilinx/Vivado/2020.2/bin/unwrapped/win64.o/xelab.exe -wto 63630931c3274f1193fa45ad0cc3506d --debug typical --relax --mt 2 -L xil_defaultlib -L ieee_proposed -L secureip --snapshot I_layer_tb_behav xil_defaultlib.I_layer_tb -log elaborate.log 
Using 2 slave threads.
Starting static elaboration
Completed static elaboration
Starting simulation data flow analysis
Completed simulation data flow analysis
Time Resolution for simulation is 1ps
Compiling package std.standard
Compiling package std.textio
Compiling package ieee.std_logic_1164
Compiling package ieee.math_real
Compiling package ieee.numeric_std
Compiling package ieee_proposed.fixed_pkg
Compiling package ieee.std_logic_textio
Compiling package xil_defaultlib.i_dnn_package
Compiling package xil_defaultlib.test_architecture_package
Compiling package xil_defaultlib.nvme_framework_package
Compiling package xil_defaultlib.common_package
Compiling package synopsys.attributes
Compiling package ieee.std_logic_misc
Compiling architecture behavioral of entity xil_defaultlib.weight_memory [\weight_memory(rom_depth=30,rom_...]
Compiling architecture behavioral of entity xil_defaultlib.ReLU [\ReLU(data_width=32)\]
Compiling architecture behavioral of entity xil_defaultlib.I_neuron [\I_neuron(rom_width=32,rom_depth...]
Compiling architecture behavioral of entity xil_defaultlib.weight_memory [\weight_memory(rom_depth=30,rom_...]
Compiling architecture behavioral of entity xil_defaultlib.I_neuron [\I_neuron(rom_width=32,rom_depth...]
Compiling architecture behavioral of entity xil_defaultlib.weight_memory [\weight_memory(rom_depth=30,rom_...]
Compiling architecture behavioral of entity xil_defaultlib.I_neuron [\I_neuron(rom_width=32,rom_depth...]
Compiling architecture behavioral of entity xil_defaultlib.weight_memory [\weight_memory(rom_depth=30,rom_...]
Compiling architecture behavioral of entity xil_defaultlib.I_neuron [\I_neuron(rom_width=32,rom_depth...]
Compiling architecture behavioral of entity xil_defaultlib.weight_memory [\weight_memory(rom_depth=30,rom_...]
Compiling architecture behavioral of entity xil_defaultlib.I_neuron [\I_neuron(rom_width=32,rom_depth...]
Compiling architecture behavioral of entity xil_defaultlib.weight_memory [\weight_memory(rom_depth=30,rom_...]
Compiling architecture behavioral of entity xil_defaultlib.I_neuron [\I_neuron(rom_width=32,rom_depth...]
Compiling architecture behavioral of entity xil_defaultlib.weight_memory [\weight_memory(rom_depth=30,rom_...]
Compiling architecture behavioral of entity xil_defaultlib.I_neuron [\I_neuron(rom_width=32,rom_depth...]
Compiling architecture behavioral of entity xil_defaultlib.weight_memory [\weight_memory(rom_depth=30,rom_...]
Compiling architecture behavioral of entity xil_defaultlib.I_neuron [\I_neuron(rom_width=32,rom_depth...]
Compiling architecture behavioral of entity xil_defaultlib.weight_memory [\weight_memory(rom_depth=30,rom_...]
Compiling architecture behavioral of entity xil_defaultlib.I_neuron [\I_neuron(rom_width=32,rom_depth...]
Compiling architecture behavioral of entity xil_defaultlib.weight_memory [\weight_memory(rom_depth=30,rom_...]
Compiling architecture behavioral of entity xil_defaultlib.I_neuron [\I_neuron(rom_width=32,rom_depth...]
Compiling architecture behavioral of entity xil_defaultlib.weight_memory [\weight_memory(rom_depth=30,rom_...]
Compiling architecture behavioral of entity xil_defaultlib.I_neuron [\I_neuron(rom_width=32,rom_depth...]
Compiling architecture behavioral of entity xil_defaultlib.weight_memory [\weight_memory(rom_depth=30,rom_...]
Compiling architecture behavioral of entity xil_defaultlib.I_neuron [\I_neuron(rom_width=32,rom_depth...]
Compiling architecture behavioral of entity xil_defaultlib.weight_memory [\weight_memory(rom_depth=30,rom_...]
Compiling architecture behavioral of entity xil_defaultlib.I_neuron [\I_neuron(rom_width=32,rom_depth...]
Compiling architecture behavioral of entity xil_defaultlib.weight_memory [\weight_memory(rom_depth=30,rom_...]
Compiling architecture behavioral of entity xil_defaultlib.I_neuron [\I_neuron(rom_width=32,rom_depth...]
Compiling architecture behavioral of entity xil_defaultlib.weight_memory [\weight_memory(rom_depth=30,rom_...]
Compiling architecture behavioral of entity xil_defaultlib.I_neuron [\I_neuron(rom_width=32,rom_depth...]
Compiling architecture behavioral of entity xil_defaultlib.weight_memory [\weight_memory(rom_depth=30,rom_...]
Compiling architecture behavioral of entity xil_defaultlib.I_neuron [\I_neuron(rom_width=32,rom_depth...]
Compiling architecture behavioral of entity xil_defaultlib.weight_memory [\weight_memory(rom_depth=30,rom_...]
Compiling architecture behavioral of entity xil_defaultlib.I_neuron [\I_neuron(rom_width=32,rom_depth...]
Compiling architecture behavioral of entity xil_defaultlib.weight_memory [\weight_memory(rom_depth=30,rom_...]
Compiling architecture behavioral of entity xil_defaultlib.I_neuron [\I_neuron(rom_width=32,rom_depth...]
Compiling architecture behavioral of entity xil_defaultlib.weight_memory [\weight_memory(rom_depth=30,rom_...]
Compiling architecture behavioral of entity xil_defaultlib.I_neuron [\I_neuron(rom_width=32,rom_depth...]
Compiling architecture behavioral of entity xil_defaultlib.weight_memory [\weight_memory(rom_depth=30,rom_...]
Compiling architecture behavioral of entity xil_defaultlib.I_neuron [\I_neuron(rom_width=32,rom_depth...]
Compiling architecture behavioral of entity xil_defaultlib.weight_memory [\weight_memory(rom_depth=30,rom_...]
Compiling architecture behavioral of entity xil_defaultlib.I_neuron [\I_neuron(rom_width=32,rom_depth...]
Compiling architecture behavioral of entity xil_defaultlib.weight_memory [\weight_memory(rom_depth=30,rom_...]
Compiling architecture behavioral of entity xil_defaultlib.I_neuron [\I_neuron(rom_width=32,rom_depth...]
Compiling architecture behavioral of entity xil_defaultlib.weight_memory [\weight_memory(rom_depth=30,rom_...]
Compiling architecture behavioral of entity xil_defaultlib.I_neuron [\I_neuron(rom_width=32,rom_depth...]
Compiling architecture behavioral of entity xil_defaultlib.weight_memory [\weight_memory(rom_depth=30,rom_...]
Compiling architecture behavioral of entity xil_defaultlib.I_neuron [\I_neuron(rom_width=32,rom_depth...]
Compiling architecture behavioral of entity xil_defaultlib.weight_memory [\weight_memory(rom_depth=30,rom_...]
Compiling architecture behavioral of entity xil_defaultlib.I_neuron [\I_neuron(rom_width=32,rom_depth...]
Compiling architecture behavioral of entity xil_defaultlib.weight_memory [\weight_memory(rom_depth=30,rom_...]
Compiling architecture behavioral of entity xil_defaultlib.I_neuron [\I_neuron(rom_width=32,rom_depth...]
Compiling architecture behavioral of entity xil_defaultlib.weight_memory [\weight_memory(rom_depth=30,rom_...]
Compiling architecture behavioral of entity xil_defaultlib.I_neuron [\I_neuron(rom_width=32,rom_depth...]
Compiling architecture behavioral of entity xil_defaultlib.weight_memory [\weight_memory(rom_depth=30,rom_...]
Compiling architecture behavioral of entity xil_defaultlib.I_neuron [\I_neuron(rom_width=32,rom_depth...]
Compiling architecture behavioral of entity xil_defaultlib.weight_memory [\weight_memory(rom_depth=30,rom_...]
Compiling architecture behavioral of entity xil_defaultlib.I_neuron [\I_neuron(rom_width=32,rom_depth...]
Compiling architecture behavioral of entity xil_defaultlib.weight_memory [\weight_memory(rom_depth=30,rom_...]
Compiling architecture behavioral of entity xil_defaultlib.I_neuron [\I_neuron(rom_width=32,rom_depth...]
Compiling architecture behavioral of entity xil_defaultlib.var_counter [\var_counter(max=32,init_value=0...]
Compiling architecture behavioral of entity xil_defaultlib.I_FSM_layer [\I_FSM_layer(rom_depth=30)\]
Compiling architecture behavioral of entity xil_defaultlib.I_layer [\I_layer(act_type="ReLu")(1,4)\]
Compiling architecture behavioral of entity xil_defaultlib.trace_ROM [\trace_ROM(num_elemnts_rom=1570,...]
Compiling architecture behavioral of entity xil_defaultlib.counter [\counter(max=3,init_value=0,incr...]
Compiling architecture behavioral of entity xil_defaultlib.scaler [\scaler(prescaler=8)\]
Compiling architecture behavioral of entity xil_defaultlib.counter [\counter(max=1569,init_value=0,i...]
Compiling architecture behavioral of entity xil_defaultlib.intermittency_emulator [intermittency_emulator_default]
Compiling architecture behavioral of entity xil_defaultlib.fsm_nv_reg_db [fsm_nv_reg_db_default]
Compiling architecture syn of entity xil_defaultlib.rams_sp_rf [\rams_sp_rf(ram_depth=33,ram_wid...]
Compiling architecture behavioral of entity xil_defaultlib.nv_reg_emu [\nv_reg_emu(max_delay_ns=80)\]
Compiling architecture behavioral of entity xil_defaultlib.nv_reg [\nv_reg(max_delay_ns=80,nv_reg_w...]
Compiling architecture behavioral of entity xil_defaultlib.i_layer_tb
