INFO: [VRFC 10-163] Analyzing VHDL file "C:/Users/miche/Desktop/temp/I-DNN/vivado/vivado/I-DNN/I-DNN.srcs/sources_1/imports/DNN/fixed_pkg_2008.vhd" into library ieee_proposed
INFO: [VRFC 10-163] Analyzing VHDL file "C:/Users/miche/Github_Repositories/I-DNN/vivado/src/DNN/I_DNN_package.vhd" into library xil_defaultlib
INFO: [VRFC 10-163] Analyzing VHDL file "C:/Users/miche/Github_Repositories/I-DNN/vivado/src/NORM/TEST_ARCHITECTURE_PACKAGE.vhd" into library xil_defaultlib
INFO: [VRFC 10-163] Analyzing VHDL file "C:/Users/miche/Github_Repositories/I-DNN/vivado/src/NORM/NVME_FRAMEWORK_PACKAGE.vhd" into library xil_defaultlib
INFO: [VRFC 10-163] Analyzing VHDL file "C:/Users/miche/Github_Repositories/I-DNN/vivado/src/NORM/COMMON_PACKAGE.vhd" into library xil_defaultlib
INFO: [VRFC 10-163] Analyzing VHDL file "C:/Users/miche/Github_Repositories/I-DNN/vivado/src/NORM/var_counter.vhd" into library xil_defaultlib
INFO: [VRFC 10-3107] analyzing entity 'var_counter'
INFO: [VRFC 10-163] Analyzing VHDL file "C:/Users/miche/Github_Repositories/I-DNN/vivado/src/DNN/I_FSM_layer.vhd" into library xil_defaultlib
INFO: [VRFC 10-3107] analyzing entity 'I_FSM_layer'
INFO: [VRFC 10-163] Analyzing VHDL file "C:/Users/miche/Github_Repositories/I-DNN/vivado/src/DNN/I_neuron.vhd" into library xil_defaultlib
INFO: [VRFC 10-3107] analyzing entity 'I_neuron'
INFO: [VRFC 10-163] Analyzing VHDL file "C:/Users/miche/Github_Repositories/I-DNN/vivado/src/DNN/weight_memory.vhd" into library xil_defaultlib
INFO: [VRFC 10-3107] analyzing entity 'weight_memory'
INFO: [VRFC 10-163] Analyzing VHDL file "C:/Users/miche/Github_Repositories/I-DNN/vivado/src/DNN/I_layer.vhd" into library xil_defaultlib
INFO: [VRFC 10-3107] analyzing entity 'I_layer'
INFO: [VRFC 10-163] Analyzing VHDL file "C:/Users/miche/Github_Repositories/I-DNN/vivado/src/NORM/fsm_nv_reg_db.vhd" into library xil_defaultlib
INFO: [VRFC 10-3107] analyzing entity 'fsm_nv_reg_db'
INFO: [VRFC 10-163] Analyzing VHDL file "C:/Users/miche/Github_Repositories/I-DNN/vivado/src/NORM/nv_reg_emu.vhd" into library xil_defaultlib
INFO: [VRFC 10-3107] analyzing entity 'nv_reg_emu'
INFO: [VRFC 10-163] Analyzing VHDL file "C:/Users/miche/Github_Repositories/I-DNN/vivado/src/NORM/trace_ROM.vhd" into library xil_defaultlib
INFO: [VRFC 10-3107] analyzing entity 'trace_ROM'
WARNING: [VRFC 10-393] cannot access 'text_header' from inside pure function 'init_trace_rom'. [C:/Users/miche/Github_Repositories/I-DNN/vivado/src/NORM/trace_ROM.vhd:61]
INFO: [VRFC 10-163] Analyzing VHDL file "C:/Users/miche/Github_Repositories/I-DNN/vivado/src/NORM/nv_reg.vhd" into library xil_defaultlib
INFO: [VRFC 10-3107] analyzing entity 'nv_reg'
INFO: [VRFC 10-163] Analyzing VHDL file "C:/Users/miche/Github_Repositories/I-DNN/vivado/src/NORM/intermittency_emulator.vhd" into library xil_defaultlib
INFO: [VRFC 10-3107] analyzing entity 'intermittency_emulator'
INFO: [VRFC 10-163] Analyzing VHDL file "C:/Users/miche/Github_Repositories/I-DNN/vivado/src/NORM/scaler.vhd" into library xil_defaultlib
INFO: [VRFC 10-3107] analyzing entity 'scaler'
INFO: [VRFC 10-163] Analyzing VHDL file "C:/Users/miche/Github_Repositories/I-DNN/vivado/src/NORM/counter.vhd" into library xil_defaultlib
INFO: [VRFC 10-3107] analyzing entity 'counter'
INFO: [VRFC 10-163] Analyzing VHDL file "C:/Users/miche/Github_Repositories/I-DNN/vivado/src/DNN/I_DNN.vhd" into library xil_defaultlib
INFO: [VRFC 10-3107] analyzing entity 'I_DNN'
INFO: [VRFC 10-163] Analyzing VHDL file "C:/Users/miche/Github_Repositories/I-DNN/vivado/src/DNN/test_sfixed.vhd" into library xil_defaultlib
INFO: [VRFC 10-3107] analyzing entity 'test_sfixed'
INFO: [VRFC 10-163] Analyzing VHDL file "C:/Users/miche/Github_Repositories/I-DNN/vivado/src/DNN/SOFT_MAX.vhd" into library xil_defaultlib
INFO: [VRFC 10-3107] analyzing entity 'SOFT_MAX'
INFO: [VRFC 10-163] Analyzing VHDL file "C:/Users/miche/Github_Repositories/I-DNN/vivado/src/NORM/instant_pwr_calc.vhd" into library xil_defaultlib
INFO: [VRFC 10-3107] analyzing entity 'instant_pwr_calc'
INFO: [VRFC 10-163] Analyzing VHDL file "C:/Users/miche/Github_Repositories/I-DNN/vivado/src/NORM/power_approximation.vhd" into library xil_defaultlib
INFO: [VRFC 10-3107] analyzing entity 'power_approximation'
INFO: [VRFC 10-163] Analyzing VHDL file "C:/Users/miche/Github_Repositories/I-DNN/vivado/src/NORM/pwr_consumption_val_ROM.vhd" into library xil_defaultlib
INFO: [VRFC 10-3107] analyzing entity 'pwr_consumption_val_ROM'
INFO: [VRFC 10-163] Analyzing VHDL file "C:/Users/miche/Github_Repositories/I-DNN/vivado/src/NORM/mult.vhd" into library xil_defaultlib
INFO: [VRFC 10-3107] analyzing entity 'mult'
INFO: [VRFC 10-163] Analyzing VHDL file "C:/Users/miche/Github_Repositories/I-DNN/vivado/src/NORM/rams_sp_rf.vhd" into library xil_defaultlib
INFO: [VRFC 10-3107] analyzing entity 'rams_sp_rf'
INFO: [VRFC 10-163] Analyzing VHDL file "C:/Users/miche/Github_Repositories/I-DNN/vivado/src/DNN/ReLU.vhd" into library xil_defaultlib
INFO: [VRFC 10-3107] analyzing entity 'ReLU'
INFO: [VRFC 10-163] Analyzing VHDL file "C:/Users/miche/Github_Repositories/I-DNN/vivado/src/DNN/VAR_CNTR_PROCESS.vhd" into library xil_defaultlib
INFO: [VRFC 10-3107] analyzing entity 'VAR_CNTR_PROCESS'
INFO: [VRFC 10-163] Analyzing VHDL file "C:/Users/miche/Github_Repositories/I-DNN/vivado/test/I_FSM_layer_tb.vhd" into library xil_defaultlib
INFO: [VRFC 10-3107] analyzing entity 'I_FSM_layer_tb'
INFO: [VRFC 10-163] Analyzing VHDL file "C:/Users/miche/Github_Repositories/I-DNN/vivado/test/I_neuron_tb.vhd" into library xil_defaultlib
INFO: [VRFC 10-3107] analyzing entity 'I_neuron_tb'
INFO: [VRFC 10-163] Analyzing VHDL file "C:/Users/miche/Github_Repositories/I-DNN/vivado/test/VAR_CNTR_PROCESS_tb.vhd" into library xil_defaultlib
INFO: [VRFC 10-3107] analyzing entity 'VAR_CNTR_PROCESS_tb'
INFO: [VRFC 10-163] Analyzing VHDL file "C:/Users/miche/Github_Repositories/I-DNN/vivado/src/DNN/routing_w_sum_sig.vhd" into library xil_defaultlib
INFO: [VRFC 10-3107] analyzing entity 'routing_w_sum_sig'
INFO: [VRFC 10-163] Analyzing VHDL file "C:/Users/miche/Github_Repositories/I-DNN/vivado/test/routing_w_sum_sig_tb.vhd" into library xil_defaultlib
INFO: [VRFC 10-3107] analyzing entity 'routing_w_sum_sig_tb'
INFO: [VRFC 10-163] Analyzing VHDL file "C:/Users/miche/Github_Repositories/I-DNN/vivado/src/DNN/I_layer_tb.vhd" into library xil_defaultlib
INFO: [VRFC 10-3107] analyzing entity 'I_layer_tb'
INFO: [VRFC 10-163] Analyzing VHDL file "C:/Users/miche/Github_Repositories/I-DNN/vivado/test/I_DNN_tb.vhd" into library xil_defaultlib
INFO: [VRFC 10-3107] analyzing entity 'I_DNN_tb'
INFO: [VRFC 10-163] Analyzing VHDL file "C:/Users/miche/Github_Repositories/I-DNN/vivado/test/test_sfixed_tb.vhd" into library xil_defaultlib
INFO: [VRFC 10-3107] analyzing entity 'test_sfixed_tb'
INFO: [VRFC 10-163] Analyzing VHDL file "C:/Users/miche/Github_Repositories/I-DNN/vivado/test/SOFTMAX_tb.vhd" into library xil_defaultlib
INFO: [VRFC 10-3107] analyzing entity 'SOFTMAX_tb'
WARNING: [VRFC 10-393] cannot access 'text_header' from inside pure function 'gen_data_in'. [C:/Users/miche/Github_Repositories/I-DNN/vivado/test/SOFTMAX_tb.vhd:72]
