#-----------------------------------------------------------
# Vivado v2020.2 (64-bit)
# SW Build 3064766 on Wed Nov 18 09:12:45 MST 2020
# IP Build 3064653 on Wed Nov 18 14:17:31 MST 2020
# Start of session at: Fri Aug  5 13:24:56 2022
# Process ID: 7180
# Current directory: C:/Users/Win10Admin/GithubRepositories/I-DNN - state/I-DNN/vivado/I-DNN
# Command line: vivado.exe -gui_launcher_event rodinguilauncherevent2544 C:\Users\Win10Admin\GithubRepositories\I-DNN - state\I-DNN\vivado\I-DNN\I-DNN.xpr
# Log file: C:/Users/Win10Admin/GithubRepositories/I-DNN - state/I-DNN/vivado/I-DNN/vivado.log
# Journal file: C:/Users/Win10Admin/GithubRepositories/I-DNN - state/I-DNN/vivado/I-DNN\vivado.jou
#-----------------------------------------------------------
start_gui
open_project {C:/Users/Win10Admin/GithubRepositories/I-DNN - state/I-DNN/vivado/I-DNN/I-DNN.xpr}
INFO: [Project 1-313] Project file moved from 'C:/Users/Win10Admin/GithubRepositories/I-DNN/I-DNN/vivado/I-DNN' since last save.
WARNING: [filemgmt 56-2] Default IP Output Path : Could not find the directory 'C:/Users/Win10Admin/GithubRepositories/I-DNN - state/I-DNN/vivado/I-DNN/I-DNN.gen/sources_1', nor could it be found using path 'C:/Users/Win10Admin/GithubRepositories/I-DNN/I-DNN/vivado/I-DNN/I-DNN.gen/sources_1'.
Scanning sources...
Finished scanning sources
INFO: [IP_Flow 19-234] Refreshing IP repositories
INFO: [IP_Flow 19-1704] No user IP repositories specified
INFO: [IP_Flow 19-2313] Loaded Vivado IP repository 'C:/Xilinx/Vivado/2020.2/data/ip'.
oopen_project: Time (s): cpu = 00:00:21 ; elapsed = 00:00:18 . Memory (MB): peak = 1014.516 ; gain = 0.000oexit
INFO: [Common 17-206] Exiting Vivado at Fri Aug  5 17:40:56 2022...
NN/I-DNN.xpr
WARNING: [filemgmt 56-3] Default IP Output Path : Could not find the directory 'C:/Users/Win10Admin/GithubRepositories/I-DNN/I-DNN/vivado/I-DNN/I-DNN.gen/sources_1'.
Scanning sources...
Finished scanning sources
INFO: [IP_Flow 19-234] Refreshing IP repositories
INFO: [IP_Flow 19-1704] No user IP repositories specified
INFO: [IP_Flow 19-2313] Loaded Vivado IP repository 'C:/Xilinx/Vivado/2020.2/data/ip'.
open_project: Time (s): cpu = 00:00:15 ; elapsed = 00:00:06 . Memory (MB): peak = 1016.766 ; gain = 0.000
current_project I-DNN
current_project I-DNN(2)
close_project
exit
INFO: [Common 17-206] Exiting Vivado at Fri Aug  5 17:40:53 2022...
