#-----------------------------------------------------------
# Vivado v2020.2 (64-bit)
# SW Build 3064766 on Wed Nov 18 09:12:45 MST 2020
# IP Build 3064653 on Wed Nov 18 14:17:31 MST 2020
# Start of session at: Wed Aug 10 14:11:45 2022
# Process ID: 3900
# Current directory: C:/Users/Win10Admin/GithubRepositories/I-DNN/I-DNN/vivado/I-DNN
# Command line: vivado.exe -gui_launcher_event rodinguilauncherevent7780 C:\Users\Win10Admin\GithubRepositories\I-DNN\I-DNN\vivado\I-DNN\I-DNN.xpr
# Log file: C:/Users/Win10Admin/GithubRepositories/I-DNN/I-DNN/vivado/I-DNN/vivado.log
# Journal file: C:/Users/Win10Admin/GithubRepositories/I-DNN/I-DNN/vivado/I-DNN\vivado.jou
#-----------------------------------------------------------
start_gui
open_project C:/Users/Win10Admin/GithubRepositories/I-DNN/I-DNN/vivado/I-DNN/I-DNN.xpr
INFO: [Project 1-313] Project file moved from 'C:/Users/Win10Admin/GithubRepositories/I-DNN - state/I-DNN/vivado/I-DNN' since last save.
WARNING: [filemgmt 56-2] Default IP Output Path : Could not find the directory 'C:/Users/Win10Admin/GithubRepositories/I-DNN/I-DNN/vivado/I-DNN/I-DNN.gen/sources_1', nor could it be found using path 'C:/Users/Win10Admin/GithubRepositories/I-DNN - state/I-DNN/vivado/I-DNN/I-DNN.gen/sources_1'.
CRITICAL WARNING: [Project 1-19] Could not find the file 'C:/Users/Win10Admin/GithubRepositories/I-DNN/I-DNN/src/test_sfixed.vhd'.
Scanning sources...
Finished scanning sources
INFO: [IP_Flow 19-234] Refreshing IP repositories
INFO: [IP_Flow 19-1704] No user IP repositories specified
INFO: [IP_Flow 19-2313] Loaded Vivado IP repository 'C:/Xilinx/Vivado/2020.2/data/ip'.
open_project: Time (s): cpu = 00:00:16 ; elapsed = 00:00:07 . Memory (MB): peak = 1015.547 ; gain = 0.000
export_ip_user_files -of_objects  [get_files C:/Users/Win10Admin/GithubRepositories/I-DNN/I-DNN/src/test_sfixed.vhd] -no_script -reset -force -quiet
remove_files  C:/Users/Win10Admin/GithubRepositories/I-DNN/I-DNN/src/test_sfixed.vhd
launch_simulation
Command: launch_simulation 
INFO: [Vivado 12-5682] Launching behavioral simulation in 'C:/Users/Win10Admin/GithubRepositories/I-DNN/I-DNN/vivado/I-DNN/I-DNN.sim/sim_1/behav/xsim'
INFO: [SIM-utils-51] Simulation object is 'sim_1'
INFO: [SIM-utils-54] Inspecting design source files for 'I_layer_tb' in fileset 'sim_1'...
INFO: [USF-XSim-97] Finding global include files...
INFO: [USF-XSim-100] Fetching design files from 'sources_1'...(this may take a while)...
INFO: [USF-XSim-101] Fetching design files from 'sim_1'...
INFO: [USF-XSim-2] XSim::Compile design
INFO: [USF-XSim-61] Executing 'COMPILE and ANALYZE' step in 'C:/Users/Win10Admin/GithubRepositories/I-DNN/I-DNN/vivado/I-DNN/I-DNN.sim/sim_1/behav/xsim'
"xvhdl --relax -prj I_layer_tb_vhdl.prj"
INFO: [VRFC 10-163] Analyzing VHDL file "C:/Users/Win10Admin/GithubRepositories/I-DNN/I-DNN/vivado/I-DNN/I-DNN.srcs/sources_1/imports/DNN/fixed_pkg_2008.vhd" into library ieee_proposed
INFO: [VRFC 10-163] Analyzing VHDL file "C:/Users/Win10Admin/GithubRepositories/I-DNN/I-DNN/src/DNN/I_DNN_package.vhd" into library xil_defaultlib
INFO: [VRFC 10-163] Analyzing VHDL file "C:/Users/Win10Admin/GithubRepositories/I-DNN/I-DNN/src/NORM/TEST_ARCHITECTURE_PACKAGE.vhd" into library xil_defaultlib
INFO: [VRFC 10-163] Analyzing VHDL file "C:/Users/Win10Admin/GithubRepositories/I-DNN/I-DNN/src/NORM/NVME_FRAMEWORK_PACKAGE.vhd" into library xil_defaultlib
INFO: [VRFC 10-163] Analyzing VHDL file "C:/Users/Win10Admin/GithubRepositories/I-DNN/I-DNN/src/NORM/COMMON_PACKAGE.vhd" into library xil_defaultlib
INFO: [VRFC 10-163] Analyzing VHDL file "C:/Users/Win10Admin/GithubRepositories/I-DNN/I-DNN/src/NORM/var_counter.vhd" into library xil_defaultlib
INFO: [VRFC 10-3107] analyzing entity 'var_counter'
INFO: [VRFC 10-163] Analyzing VHDL file "C:/Users/Win10Admin/GithubRepositories/I-DNN/I-DNN/src/DNN/I_FSM_layer.vhd" into library xil_defaultlib
INFO: [VRFC 10-3107] analyzing entity 'I_FSM_layer'
INFO: [VRFC 10-163] Analyzing VHDL file "C:/Users/Win10Admin/GithubRepositories/I-DNN/I-DNN/src/DNN/I_neuron.vhd" into library xil_defaultlib
INFO: [VRFC 10-3107] analyzing entity 'I_neuron'
INFO: [VRFC 10-163] Analyzing VHDL file "C:/Users/Win10Admin/GithubRepositories/I-DNN/I-DNN/vivado/I-DNN/I-DNN.srcs/sources_1/imports/DNN/ReLU.vhd" into library xil_defaultlib
INFO: [VRFC 10-3107] analyzing entity 'ReLU'
INFO: [VRFC 10-163] Analyzing VHDL file "C:/Users/Win10Admin/GithubRepositories/I-DNN/I-DNN/vivado/I-DNN/I-DNN.srcs/sources_1/imports/DNN/unary_or.vhd" into library xil_defaultlib
INFO: [VRFC 10-3107] analyzing entity 'unary_OR'
INFO: [VRFC 10-163] Analyzing VHDL file "C:/Users/Win10Admin/GithubRepositories/I-DNN/I-DNN/src/DNN/weight_memory.vhd" into library xil_defaultlib
INFO: [VRFC 10-3107] analyzing entity 'weight_memory'
INFO: [VRFC 10-163] Analyzing VHDL file "C:/Users/Win10Admin/GithubRepositories/I-DNN/I-DNN/src/DNN/I_layer.vhd" into library xil_defaultlib
INFO: [VRFC 10-3107] analyzing entity 'I_layer'
INFO: [VRFC 10-163] Analyzing VHDL file "C:/Users/Win10Admin/GithubRepositories/I-DNN/I-DNN/src/NORM/fsm_nv_reg_db.vhd" into library xil_defaultlib
INFO: [VRFC 10-3107] analyzing entity 'fsm_nv_reg_db'
INFO: [VRFC 10-163] Analyzing VHDL file "C:/Users/Win10Admin/GithubRepositories/I-DNN/I-DNN/src/NORM/nv_reg_emu.vhd" into library xil_defaultlib
INFO: [VRFC 10-3107] analyzing entity 'nv_reg_emu'
INFO: [VRFC 10-163] Analyzing VHDL file "C:/Users/Win10Admin/GithubRepositories/I-DNN/I-DNN/src/NORM/trace_ROM.vhd" into library xil_defaultlib
INFO: [VRFC 10-3107] analyzing entity 'trace_ROM'
INFO: [VRFC 10-163] Analyzing VHDL file "C:/Users/Win10Admin/GithubRepositories/I-DNN/I-DNN/src/NORM/nv_reg.vhd" into library xil_defaultlib
INFO: [VRFC 10-3107] analyzing entity 'nv_reg'
INFO: [VRFC 10-163] Analyzing VHDL file "C:/Users/Win10Admin/GithubRepositories/I-DNN/I-DNN/vivado/I-DNN/I-DNN.srcs/sources_1/new/blk_mem_gen_1.vhd" into library xil_defaultlib
INFO: [VRFC 10-3107] analyzing entity 'blk_mem_gen_1'
WARNING: [VRFC 10-393] cannot access 'ramfile' from inside pure function 'initramfromfile'. [C:/Users/Win10Admin/GithubRepositories/I-DNN/I-DNN/vivado/I-DNN/I-DNN.srcs/sources_1/new/blk_mem_gen_1.vhd:100]
WARNING: [VRFC 10-3165] cannot call impure function 'initramfromfile' from within pure function 'init_from_file_or_zeroes' [C:/Users/Win10Admin/GithubRepositories/I-DNN/I-DNN/vivado/I-DNN/I-DNN.srcs/sources_1/new/blk_mem_gen_1.vhd:110]
INFO: [VRFC 10-163] Analyzing VHDL file "C:/Users/Win10Admin/GithubRepositories/I-DNN/I-DNN/src/NORM/intermittency_emulator.vhd" into library xil_defaultlib
INFO: [VRFC 10-3107] analyzing entity 'intermittency_emulator'
INFO: [VRFC 10-163] Analyzing VHDL file "C:/Users/Win10Admin/GithubRepositories/I-DNN/I-DNN/src/NORM/scaler.vhd" into library xil_defaultlib
INFO: [VRFC 10-3107] analyzing entity 'scaler'
INFO: [VRFC 10-163] Analyzing VHDL file "C:/Users/Win10Admin/GithubRepositories/I-DNN/I-DNN/src/NORM/counter.vhd" into library xil_defaultlib
INFO: [VRFC 10-3107] analyzing entity 'counter'
INFO: [VRFC 10-163] Analyzing VHDL file "C:/Users/Win10Admin/GithubRepositories/I-DNN/I-DNN/src/DNN/I_DNN.vhd" into library xil_defaultlib
INFO: [VRFC 10-3107] analyzing entity 'I_DNN'
INFO: [VRFC 10-163] Analyzing VHDL file "C:/Users/Win10Admin/GithubRepositories/I-DNN/I-DNN/test/I_FSM_layer_tb.vhd" into library xil_defaultlib
INFO: [VRFC 10-3107] analyzing entity 'I_FSM_layer_tb'
INFO: [VRFC 10-163] Analyzing VHDL file "C:/Users/Win10Admin/GithubRepositories/I-DNN/I-DNN/test/I_neuron_tb.vhd" into library xil_defaultlib
INFO: [VRFC 10-3107] analyzing entity 'I_neuron_tb'
INFO: [VRFC 10-163] Analyzing VHDL file "C:/Users/Win10Admin/GithubRepositories/I-DNN/I-DNN/test/VAR_CNTR_PROCESS_tb.vhd" into library xil_defaultlib
INFO: [VRFC 10-3107] analyzing entity 'VAR_CNTR_PROCESS_tb'
INFO: [VRFC 10-163] Analyzing VHDL file "C:/Users/Win10Admin/GithubRepositories/I-DNN/I-DNN/src/DNN/routing_w_sum_sig.vhd" into library xil_defaultlib
INFO: [VRFC 10-3107] analyzing entity 'routing_w_sum_sig'
INFO: [VRFC 10-163] Analyzing VHDL file "C:/Users/Win10Admin/GithubRepositories/I-DNN/I-DNN/test/routing_w_sum_sig_tb.vhd" into library xil_defaultlib
INFO: [VRFC 10-3107] analyzing entity 'routing_w_sum_sig_tb'
INFO: [VRFC 10-163] Analyzing VHDL file "C:/Users/Win10Admin/GithubRepositories/I-DNN/I-DNN/src/DNN/I_layer_tb.vhd" into library xil_defaultlib
INFO: [VRFC 10-3107] analyzing entity 'I_layer_tb'
INFO: [VRFC 10-163] Analyzing VHDL file "C:/Users/Win10Admin/GithubRepositories/I-DNN/I-DNN/test/I_DNN_tb.vhd" into library xil_defaultlib
INFO: [VRFC 10-3107] analyzing entity 'I_DNN_tb'
INFO: [VRFC 10-163] Analyzing VHDL file "C:/Users/Win10Admin/GithubRepositories/I-DNN/I-DNN/test/test_sfixed_tb.vhd" into library xil_defaultlib
INFO: [VRFC 10-3107] analyzing entity 'test_sfixed_tb'
run_program: Time (s): cpu = 00:00:00 ; elapsed = 00:00:05 . Memory (MB): peak = 1015.547 ; gain = 0.000
INFO: [USF-XSim-69] 'compile' step finished in '5' seconds
INFO: [USF-XSim-3] XSim::Elaborate design
INFO: [USF-XSim-61] Executing 'ELABORATE' step in 'C:/Users/Win10Admin/GithubRepositories/I-DNN/I-DNN/vivado/I-DNN/I-DNN.sim/sim_1/behav/xsim'
"xelab -wto 63630931c3274f1193fa45ad0cc3506d --debug typical --relax --mt 2 -L xil_defaultlib -L ieee_proposed -L secureip --snapshot I_layer_tb_behav xil_defaultlib.I_layer_tb -log elaborate.log"
Vivado Simulator 2020.2
Copyright 1986-1999, 2001-2020 Xilinx, Inc. All Rights Reserved.
Running: C:/Xilinx/Vivado/2020.2/bin/unwrapped/win64.o/xelab.exe -wto 63630931c3274f1193fa45ad0cc3506d --debug typical --relax --mt 2 -L xil_defaultlib -L ieee_proposed -L secureip --snapshot I_layer_tb_behav xil_defaultlib.I_layer_tb -log elaborate.log 
Using 2 slave threads.
Starting static elaboration
Completed static elaboration
Starting simulation data flow analysis
Completed simulation data flow analysis
Time Resolution for simulation is 1ps
Compiling package std.standard
Compiling package std.textio
Compiling package ieee.std_logic_1164
Compiling package ieee.math_real
Compiling package ieee.numeric_std
Compiling package ieee_proposed.fixed_pkg
Compiling package ieee.std_logic_textio
Compiling package xil_defaultlib.i_dnn_package
Compiling package xil_defaultlib.test_architecture_package
Compiling package xil_defaultlib.nvme_framework_package
Compiling package xil_defaultlib.common_package
Compiling package synopsys.attributes
Compiling package ieee.std_logic_misc
Compiling architecture behavioral of entity xil_defaultlib.weight_memory [\weight_memory(rom_depth=30,rom_...]
Compiling architecture unary_or of entity xil_defaultlib.unary_OR [\unary_OR(n=17)\]
Compiling architecture behavioral of entity xil_defaultlib.ReLU [\ReLU(data_width=32)\]
Compiling architecture behavioral of entity xil_defaultlib.I_neuron [\I_neuron(rom_width=32,rom_depth...]
Compiling architecture behavioral of entity xil_defaultlib.weight_memory [\weight_memory(rom_depth=30,rom_...]
Compiling architecture behavioral of entity xil_defaultlib.I_neuron [\I_neuron(rom_width=32,rom_depth...]
Compiling architecture behavioral of entity xil_defaultlib.weight_memory [\weight_memory(rom_depth=30,rom_...]
Compiling architecture behavioral of entity xil_defaultlib.I_neuron [\I_neuron(rom_width=32,rom_depth...]
Compiling architecture behavioral of entity xil_defaultlib.weight_memory [\weight_memory(rom_depth=30,rom_...]
Compiling architecture behavioral of entity xil_defaultlib.I_neuron [\I_neuron(rom_width=32,rom_depth...]
Compiling architecture behavioral of entity xil_defaultlib.weight_memory [\weight_memory(rom_depth=30,rom_...]
Compiling architecture behavioral of entity xil_defaultlib.I_neuron [\I_neuron(rom_width=32,rom_depth...]
Compiling architecture behavioral of entity xil_defaultlib.weight_memory [\weight_memory(rom_depth=30,rom_...]
Compiling architecture behavioral of entity xil_defaultlib.I_neuron [\I_neuron(rom_width=32,rom_depth...]
Compiling architecture behavioral of entity xil_defaultlib.weight_memory [\weight_memory(rom_depth=30,rom_...]
Compiling architecture behavioral of entity xil_defaultlib.I_neuron [\I_neuron(rom_width=32,rom_depth...]
Compiling architecture behavioral of entity xil_defaultlib.weight_memory [\weight_memory(rom_depth=30,rom_...]
Compiling architecture behavioral of entity xil_defaultlib.I_neuron [\I_neuron(rom_width=32,rom_depth...]
Compiling architecture behavioral of entity xil_defaultlib.weight_memory [\weight_memory(rom_depth=30,rom_...]
Compiling architecture behavioral of entity xil_defaultlib.I_neuron [\I_neuron(rom_width=32,rom_depth...]
Compiling architecture behavioral of entity xil_defaultlib.weight_memory [\weight_memory(rom_depth=30,rom_...]
Compiling architecture behavioral of entity xil_defaultlib.I_neuron [\I_neuron(rom_width=32,rom_depth...]
Compiling architecture behavioral of entity xil_defaultlib.weight_memory [\weight_memory(rom_depth=30,rom_...]
Compiling architecture behavioral of entity xil_defaultlib.I_neuron [\I_neuron(rom_width=32,rom_depth...]
Compiling architecture behavioral of entity xil_defaultlib.weight_memory [\weight_memory(rom_depth=30,rom_...]
Compiling architecture behavioral of entity xil_defaultlib.I_neuron [\I_neuron(rom_width=32,rom_depth...]
Compiling architecture behavioral of entity xil_defaultlib.weight_memory [\weight_memory(rom_depth=30,rom_...]
Compiling architecture behavioral of entity xil_defaultlib.I_neuron [\I_neuron(rom_width=32,rom_depth...]
Compiling architecture behavioral of entity xil_defaultlib.weight_memory [\weight_memory(rom_depth=30,rom_...]
Compiling architecture behavioral of entity xil_defaultlib.I_neuron [\I_neuron(rom_width=32,rom_depth...]
Compiling architecture behavioral of entity xil_defaultlib.weight_memory [\weight_memory(rom_depth=30,rom_...]
Compiling architecture behavioral of entity xil_defaultlib.I_neuron [\I_neuron(rom_width=32,rom_depth...]
Compiling architecture behavioral of entity xil_defaultlib.weight_memory [\weight_memory(rom_depth=30,rom_...]
Compiling architecture behavioral of entity xil_defaultlib.I_neuron [\I_neuron(rom_width=32,rom_depth...]
Compiling architecture behavioral of entity xil_defaultlib.weight_memory [\weight_memory(rom_depth=30,rom_...]
Compiling architecture behavioral of entity xil_defaultlib.I_neuron [\I_neuron(rom_width=32,rom_depth...]
Compiling architecture behavioral of entity xil_defaultlib.weight_memory [\weight_memory(rom_depth=30,rom_...]
Compiling architecture behavioral of entity xil_defaultlib.I_neuron [\I_neuron(rom_width=32,rom_depth...]
Compiling architecture behavioral of entity xil_defaultlib.weight_memory [\weight_memory(rom_depth=30,rom_...]
Compiling architecture behavioral of entity xil_defaultlib.I_neuron [\I_neuron(rom_width=32,rom_depth...]
Compiling architecture behavioral of entity xil_defaultlib.weight_memory [\weight_memory(rom_depth=30,rom_...]
Compiling architecture behavioral of entity xil_defaultlib.I_neuron [\I_neuron(rom_width=32,rom_depth...]
Compiling architecture behavioral of entity xil_defaultlib.weight_memory [\weight_memory(rom_depth=30,rom_...]
Compiling architecture behavioral of entity xil_defaultlib.I_neuron [\I_neuron(rom_width=32,rom_depth...]
Compiling architecture behavioral of entity xil_defaultlib.weight_memory [\weight_memory(rom_depth=30,rom_...]
Compiling architecture behavioral of entity xil_defaultlib.I_neuron [\I_neuron(rom_width=32,rom_depth...]
Compiling architecture behavioral of entity xil_defaultlib.weight_memory [\weight_memory(rom_depth=30,rom_...]
Compiling architecture behavioral of entity xil_defaultlib.I_neuron [\I_neuron(rom_width=32,rom_depth...]
Compiling architecture behavioral of entity xil_defaultlib.weight_memory [\weight_memory(rom_depth=30,rom_...]
Compiling architecture behavioral of entity xil_defaultlib.I_neuron [\I_neuron(rom_width=32,rom_depth...]
Compiling architecture behavioral of entity xil_defaultlib.weight_memory [\weight_memory(rom_depth=30,rom_...]
Compiling architecture behavioral of entity xil_defaultlib.I_neuron [\I_neuron(rom_width=32,rom_depth...]
Compiling architecture behavioral of entity xil_defaultlib.weight_memory [\weight_memory(rom_depth=30,rom_...]
Compiling architecture behavioral of entity xil_defaultlib.I_neuron [\I_neuron(rom_width=32,rom_depth...]
Compiling architecture behavioral of entity xil_defaultlib.weight_memory [\weight_memory(rom_depth=30,rom_...]
Compiling architecture behavioral of entity xil_defaultlib.I_neuron [\I_neuron(rom_width=32,rom_depth...]
Compiling architecture behavioral of entity xil_defaultlib.weight_memory [\weight_memory(rom_depth=30,rom_...]
Compiling architecture behavioral of entity xil_defaultlib.I_neuron [\I_neuron(rom_width=32,rom_depth...]
Compiling architecture behavioral of entity xil_defaultlib.weight_memory [\weight_memory(rom_depth=30,rom_...]
Compiling architecture behavioral of entity xil_defaultlib.I_neuron [\I_neuron(rom_width=32,rom_depth...]
Compiling architecture behavioral of entity xil_defaultlib.weight_memory [\weight_memory(rom_depth=30,rom_...]
Compiling architecture behavioral of entity xil_defaultlib.I_neuron [\I_neuron(rom_width=32,rom_depth...]
Compiling architecture behavioral of entity xil_defaultlib.I_FSM_layer [\I_FSM_layer(rom_depth=30)\]
Compiling architecture behavioral of entity xil_defaultlib.var_counter [\var_counter(max=32,init_value=0...]
Compiling architecture behavioral of entity xil_defaultlib.I_layer [\I_layer(act_type="ReLu")(1,4)\]
Compiling architecture behavioral of entity xil_defaultlib.trace_ROM [\trace_ROM(num_elemnts_rom=1570,...]
Compiling architecture behavioral of entity xil_defaultlib.counter [\counter(max=3,init_value=0,incr...]
Compiling architecture behavioral of entity xil_defaultlib.scaler [\scaler(prescaler=8)\]
Compiling architecture behavioral of entity xil_defaultlib.counter [\counter(max=1569,init_value=0,i...]
Compiling architecture behavioral of entity xil_defaultlib.intermittency_emulator [intermittency_emulator_default]
Compiling architecture behavioral of entity xil_defaultlib.fsm_nv_reg_db [fsm_nv_reg_db_default]
Compiling architecture behavioral of entity xil_defaultlib.blk_mem_gen_1 [\blk_mem_gen_1(depth=35,width=32...]
Compiling architecture behavioral of entity xil_defaultlib.nv_reg_emu [\nv_reg_emu(max_delay_ns=80)\]
Compiling architecture behavioral of entity xil_defaultlib.nv_reg [\nv_reg(max_delay_ns=80,nv_reg_w...]
Compiling architecture behavioral of entity xil_defaultlib.i_layer_tb
Built simulation snapshot I_layer_tb_behav

****** Webtalk v2020.2 (64-bit)
  **** SW Build 3064766 on Wed Nov 18 09:12:45 MST 2020
  **** IP Build 3064653 on Wed Nov 18 14:17:31 MST 2020
    ** Copyright 1986-2020 Xilinx, Inc. All Rights Reserved.

source C:/Users/Win10Admin/GithubRepositories/I-DNN/I-DNN/vivado/I-DNN/I-DNN.sim/sim_1/behav/xsim/xsim.dir/I_layer_tb_behav/webtalk/xsim_webtalk.tcl -notrace
INFO: [Common 17-186] 'C:/Users/Win10Admin/GithubRepositories/I-DNN/I-DNN/vivado/I-DNN/I-DNN.sim/sim_1/behav/xsim/xsim.dir/I_layer_tb_behav/webtalk/usage_statistics_ext_xsim.xml' has been successfully sent to Xilinx on Wed Aug 10 16:34:42 2022. For additional details about this file, please refer to the WebTalk help file at C:/Xilinx/Vivado/2020.2/doc/webtalk_introduction.html.
webtalk_transmit: Time (s): cpu = 00:00:00 ; elapsed = 00:00:06 . Memory (MB): peak = 116.383 ; gain = 23.387
INFO: [Common 17-206] Exiting Webtalk at Wed Aug 10 16:34:42 2022...
run_program: Time (s): cpu = 00:00:02 ; elapsed = 00:00:24 . Memory (MB): peak = 1015.547 ; gain = 0.000
INFO: [USF-XSim-69] 'elaborate' step finished in '25' seconds
INFO: [USF-XSim-4] XSim::Simulate design
INFO: [USF-XSim-61] Executing 'SIMULATE' step in 'C:/Users/Win10Admin/GithubRepositories/I-DNN/I-DNN/vivado/I-DNN/I-DNN.sim/sim_1/behav/xsim'
INFO: [USF-XSim-98] *** Running xsim
   with args "I_layer_tb_behav -key {Behavioral:sim_1:Functional:I_layer_tb} -tclbatch {I_layer_tb.tcl} -view {C:/Users/Win10Admin/GithubRepositories/I-DNN/I-DNN/vivado/I-DNN/test_sfixed_tb_behav.wcfg} -log {simulate.log}"
INFO: [USF-XSim-8] Loading simulator feature
Vivado Simulator 2020.2
Time resolution is 1 ps
open_wave_config C:/Users/Win10Admin/GithubRepositories/I-DNN/I-DNN/vivado/I-DNN/test_sfixed_tb_behav.wcfg
WARNING: Simulation object /test_sfixed_tb/inputa was not found in the design.
WARNING: Simulation object /test_sfixed_tb/test_sfixed_cmp/testa was not found in the design.
WARNING: Simulation object /test_sfixed_tb/test_sfixed_cmp/test_std_lv was not found in the design.
source I_layer_tb.tcl
# set curr_wave [current_wave_config]
# if { [string length $curr_wave] == 0 } {
#   if { [llength [get_objects]] > 0} {
#     add_wave /
#     set_property needs_save false [current_wave_config]
#   } else {
#      send_msg_id Add_Wave-1 WARNING "No top level signals found. Simulator will start without a wave window. If you want to open a wave window go to 'File->New Waveform Configuration' or type 'create_wave_config' in the TCL console."
#   }
# }
# log_wave -r /
WARNING: [Simtcl 6-197] One or more HDL objects could not be logged because of object type or size limitations.  To see details please rerun the command with -verbose (-v).
# run 40160ns
xsim: Time (s): cpu = 00:00:12 ; elapsed = 00:00:42 . Memory (MB): peak = 1015.547 ; gain = 0.000
INFO: [USF-XSim-96] XSim completed. Design snapshot 'I_layer_tb_behav' loaded.
INFO: [USF-XSim-97] XSim simulation ran for 40160ns
launch_simulation: Time (s): cpu = 00:00:16 ; elapsed = 00:01:13 . Memory (MB): peak = 1015.547 ; gain = 0.000
create_wave_config; add_wave /; set_property needs_save false [current_wave_config]
open_wave_config {C:/Users/Win10Admin/GithubRepositories/I-DNN - state/I-DNN/vivado/I-DNN/I_DNN_tb_behav.wcfg}
WARNING: Simulation object /DNN_tb/input_reg was not found in the design.
WARNING: Simulation object /DNN_tb/data_in was not found in the design.
WARNING: Simulation object /DNN_tb/start was not found in the design.
WARNING: Simulation object /DNN_tb/clk was not found in the design.
WARNING: Simulation object /DNN_tb/data_out was not found in the design.
WARNING: Simulation object /DNN_tb/addr_in was not found in the design.
WARNING: Simulation object /DNN_tb/clk was not found in the design.
WARNING: Simulation object /DNN_tb/DNN_cmp/layer1/data_in was not found in the design.
WARNING: Simulation object /DNN_tb/DNN_cmp/layer1/data_out_sel was not found in the design.
WARNING: Simulation object /DNN_tb/DNN_cmp/layer1/data_out_vect was not found in the design.
WARNING: Simulation object /DNN_tb/DNN_cmp/layer1/data_out was not found in the design.
WARNING: Simulation object /DNN_tb/DNN_cmp/layer1/data_in_sel was not found in the design.
WARNING: Simulation object /DNN_tb/DNN_cmp/layer1/data_v was not found in the design.
WARNING: Simulation object /DNN_tb/DNN_cmp/layer1/addr_TC was not found in the design.
WARNING: Simulation object /DNN_tb/DNN_cmp/layer1/fsm_layer_comp/pr_state was not found in the design.
WARNING: Simulation object /DNN_tb/DNN_cmp/layer1/\neurons(5)\/neuron_i/weight_memory_comp/ROM was not found in the design.
WARNING: Simulation object /DNN_tb/DNN_cmp/layer1/\neurons(5)\/neuron_i/bias was not found in the design.
WARNING: Simulation object /DNN_tb/DNN_cmp/layer1/\neurons(5)\/neuron_i/sum_reg_out was not found in the design.
WARNING: Simulation object /DNN_tb/DNN_cmp/layer1/\neurons(5)\/neuron_i/weight_out was not found in the design.
WARNING: Simulation object /DNN_tb/clk was not found in the design.
WARNING: Simulation object /DNN_tb/DNN_cmp/layer2/data_in was not found in the design.
WARNING: Simulation object /DNN_tb/DNN_cmp/layer2/data_out_sel was not found in the design.
WARNING: Simulation object /DNN_tb/DNN_cmp/layer2/addr_TC was not found in the design.
WARNING: Simulation object /DNN_tb/DNN_cmp/layer2/data_in_sel was not found in the design.
WARNING: Simulation object /DNN_tb/DNN_cmp/layer2/data_out_vect was not found in the design.
WARNING: Simulation object /DNN_tb/DNN_cmp/layer2/fsm_layer_comp/pr_state was not found in the design.
WARNING: Simulation object /DNN_tb/DNN_cmp/layer2/data_v was not found in the design.
WARNING: Simulation object /DNN_tb/DNN_cmp/layer2/\neurons(0)\/neuron_i/weight_memory_comp/ROM was not found in the design.
WARNING: Simulation object /DNN_tb/DNN_cmp/layer2/\neurons(0)\/neuron_i/weight_memory_comp/ROM[0] was not found in the design.
WARNING: Simulation object /DNN_tb/DNN_cmp/layer2/\neurons(0)\/neuron_i/weight_memory_comp/ROM[1] was not found in the design.
WARNING: Simulation object /DNN_tb/DNN_cmp/layer2/\neurons(0)\/neuron_i/weight_memory_comp/ROM[2] was not found in the design.
WARNING: Simulation object /DNN_tb/DNN_cmp/layer2/\neurons(0)\/neuron_i/weight_memory_comp/ROM[3] was not found in the design.
WARNING: Simulation object /DNN_tb/DNN_cmp/layer2/\neurons(0)\/neuron_i/weight_memory_comp/ROM[4] was not found in the design.
WARNING: Simulation object /DNN_tb/DNN_cmp/layer2/\neurons(0)\/neuron_i/weight_memory_comp/ROM[5] was not found in the design.
WARNING: Simulation object /DNN_tb/DNN_cmp/layer2/\neurons(0)\/neuron_i/weight_memory_comp/ROM[6] was not found in the design.
WARNING: Simulation object /DNN_tb/DNN_cmp/layer2/\neurons(0)\/neuron_i/weight_memory_comp/ROM[7] was not found in the design.
WARNING: Simulation object /DNN_tb/DNN_cmp/layer2/\neurons(0)\/neuron_i/weight_memory_comp/ROM[8] was not found in the design.
WARNING: Simulation object /DNN_tb/DNN_cmp/layer2/\neurons(0)\/neuron_i/weight_memory_comp/ROM[9] was not found in the design.
WARNING: Simulation object /DNN_tb/DNN_cmp/layer2/\neurons(0)\/neuron_i/weight_memory_comp/ROM[10] was not found in the design.
WARNING: Simulation object /DNN_tb/DNN_cmp/layer2/\neurons(0)\/neuron_i/weight_memory_comp/ROM[11] was not found in the design.
WARNING: Simulation object /DNN_tb/DNN_cmp/layer2/\neurons(0)\/neuron_i/weight_memory_comp/ROM[12] was not found in the design.
WARNING: Simulation object /DNN_tb/DNN_cmp/layer2/\neurons(0)\/neuron_i/weight_memory_comp/ROM[13] was not found in the design.
WARNING: Simulation object /DNN_tb/DNN_cmp/layer2/\neurons(0)\/neuron_i/weight_memory_comp/ROM[14] was not found in the design.
WARNING: Simulation object /DNN_tb/DNN_cmp/layer2/\neurons(0)\/neuron_i/weight_memory_comp/ROM[15] was not found in the design.
WARNING: Simulation object /DNN_tb/DNN_cmp/layer2/\neurons(0)\/neuron_i/weight_memory_comp/ROM[16] was not found in the design.
WARNING: Simulation object /DNN_tb/DNN_cmp/layer2/\neurons(0)\/neuron_i/weight_memory_comp/ROM[17] was not found in the design.
WARNING: Simulation object /DNN_tb/DNN_cmp/layer2/\neurons(0)\/neuron_i/weight_memory_comp/ROM[18] was not found in the design.
WARNING: Simulation object /DNN_tb/DNN_cmp/layer2/\neurons(0)\/neuron_i/weight_memory_comp/ROM[19] was not found in the design.
WARNING: Simulation object /DNN_tb/DNN_cmp/layer2/\neurons(0)\/neuron_i/weight_memory_comp/ROM[20] was not found in the design.
WARNING: Simulation object /DNN_tb/DNN_cmp/layer2/\neurons(0)\/neuron_i/weight_memory_comp/ROM[21] was not found in the design.
WARNING: Simulation object /DNN_tb/DNN_cmp/layer2/\neurons(0)\/neuron_i/weight_memory_comp/ROM[22] was not found in the design.
WARNING: Simulation object /DNN_tb/DNN_cmp/layer2/\neurons(0)\/neuron_i/weight_memory_comp/ROM[23] was not found in the design.
WARNING: Simulation object /DNN_tb/DNN_cmp/layer2/\neurons(0)\/neuron_i/weight_memory_comp/ROM[24] was not found in the design.
WARNING: Simulation object /DNN_tb/DNN_cmp/layer2/\neurons(0)\/neuron_i/weight_memory_comp/ROM[25] was not found in the design.
WARNING: Simulation object /DNN_tb/DNN_cmp/layer2/\neurons(0)\/neuron_i/weight_memory_comp/ROM[26] was not found in the design.
WARNING: Simulation object /DNN_tb/DNN_cmp/layer2/\neurons(0)\/neuron_i/weight_memory_comp/ROM[27] was not found in the design.
WARNING: Simulation object /DNN_tb/DNN_cmp/layer2/\neurons(0)\/neuron_i/weight_memory_comp/ROM[28] was not found in the design.
WARNING: Simulation object /DNN_tb/DNN_cmp/layer2/\neurons(0)\/neuron_i/weight_memory_comp/ROM[29] was not found in the design.
WARNING: Simulation object /DNN_tb/DNN_cmp/layer2/\neurons(0)\/neuron_i/data_in was not found in the design.
WARNING: Simulation object /DNN_tb/DNN_cmp/layer2/\neurons(0)\/neuron_i/data_out was not found in the design.
WARNING: Simulation object /DNN_tb/DNN_cmp/layer2/\neurons(0)\/neuron_i/weight_out was not found in the design.
WARNING: Simulation object /DNN_tb/DNN_cmp/layer2/\neurons(0)\/neuron_i/mul_out was not found in the design.
WARNING: Simulation object /DNN_tb/DNN_cmp/layer2/\neurons(0)\/neuron_i/sum_reg_out was not found in the design.
WARNING: Simulation object /DNN_tb/DNN_cmp/layer2/\neurons(0)\/neuron_i/bias was not found in the design.
WARNING: Simulation object /DNN_tb/DNN_cmp/layer2/\neurons(0)\/neuron_i/out_ReLU was not found in the design.
WARNING: Simulation object /DNN_tb/clk was not found in the design.
WARNING: Simulation object /DNN_tb/DNN_cmp/layer3/data_in was not found in the design.
WARNING: Simulation object /DNN_tb/DNN_cmp/layer3/data_out_sel was not found in the design.
WARNING: Simulation object /DNN_tb/DNN_cmp/layer3/data_in_sel was not found in the design.
WARNING: Simulation object /DNN_tb/DNN_cmp/layer3/data_v was not found in the design.
WARNING: Simulation object /DNN_tb/DNN_cmp/layer3/addr_TC was not found in the design.
WARNING: Simulation object /DNN_tb/DNN_cmp/layer3/out_v was not found in the design.
WARNING: Simulation object /DNN_tb/DNN_cmp/layer3/fsm_layer_comp/pr_state was not found in the design.
WARNING: Simulation object /DNN_tb/DNN_cmp/layer3/data_out_vect was not found in the design.
close_sim
INFO: [Simtcl 6-16] Simulation closed
close_sim: Time (s): cpu = 00:00:04 ; elapsed = 00:00:19 . Memory (MB): peak = 1015.547 ; gain = 0.000
exit
INFO: [Common 17-206] Exiting Vivado at Wed Aug 10 16:38:08 2022...
