#-----------------------------------------------------------
# Vivado v2020.2 (64-bit)
# SW Build 3064766 on Wed Nov 18 09:12:45 MST 2020
# IP Build 3064653 on Wed Nov 18 14:17:31 MST 2020
# Start of session at: Mon Jan  9 12:33:48 2023
# Process ID: 8732
# Current directory: C:/Users/miche/Github_Repositories/I-DNN/vivado/vivado/I-DNN
# Command line: vivado.exe -gui_launcher_event rodinguilauncherevent4164 C:\Users\miche\Github_Repositories\I-DNN\vivado\vivado\I-DNN\I-DNN.xpr
# Log file: C:/Users/miche/Github_Repositories/I-DNN/vivado/vivado/I-DNN/vivado.log
# Journal file: C:/Users/miche/Github_Repositories/I-DNN/vivado/vivado/I-DNN\vivado.jou
#-----------------------------------------------------------
start_gui
open_project C:/Users/miche/Github_Repositories/I-DNN/vivado/vivado/I-DNN/I-DNN.xpr
WARNING: [filemgmt 56-3] Default IP Output Path : Could not find the directory 'C:/Users/miche/Github_Repositories/I-DNN/vivado/vivado/I-DNN/I-DNN.gen/sources_1'.
Scanning sources...
Finished scanning sources
INFO: [IP_Flow 19-234] Refreshing IP repositories
INFO: [IP_Flow 19-1704] No user IP repositories specified
INFO: [IP_Flow 19-2313] Loaded Vivado IP repository 'C:/Xilinx/Vivado/2020.2/data/ip'.
open_project: Time (s): cpu = 00:00:18 ; elapsed = 00:00:08 . Memory (MB): peak = 1015.051 ; gain = 0.000
export_ip_user_files -of_objects  [get_files C:/Users/miche/Github_Repositories/I-DNN/vivado/src/DNN/fixed_pkg_2008.vhd] -no_script -reset -force -quiet
remove_files  -fileset sim_1 C:/Users/miche/Github_Repositories/I-DNN/vivado/src/DNN/fixed_pkg_2008.vhd
export_ip_user_files -of_objects  [get_files C:/Users/miche/Github_Repositories/I-DNN/vivado/src/DNN/fixed_pkg_2008.vhd] -no_script -reset -force -quiet
remove_files  C:/Users/miche/Github_Repositories/I-DNN/vivado/src/DNN/fixed_pkg_2008.vhd
add_files -norecurse C:/Users/miche/Desktop/temp/I-DNN/vivado/vivado/I-DNN/I-DNN.srcs/sources_1/imports/DNN/fixed_pkg_2008.vhd
set_property file_type {VHDL 2008} [get_files  C:/Users/miche/Desktop/temp/I-DNN/vivado/vivado/I-DNN/I-DNN.srcs/sources_1/imports/DNN/fixed_pkg_2008.vhd]
launch_simulation
Command: launch_simulation 
INFO: [Vivado 12-5682] Launching behavioral simulation in 'C:/Users/miche/Github_Repositories/I-DNN/vivado/vivado/I-DNN/I-DNN.sim/sim_1/behav/xsim'
INFO: [SIM-utils-51] Simulation object is 'sim_1'
INFO: [SIM-utils-54] Inspecting design source files for 'I_layer_tb' in fileset 'sim_1'...
INFO: [USF-XSim-97] Finding global include files...
INFO: [USF-XSim-100] Fetching design files from 'sources_1'...(this may take a while)...
INFO: [USF-XSim-101] Fetching design files from 'sim_1'...
INFO: [USF-XSim-2] XSim::Compile design
INFO: [USF-XSim-61] Executing 'COMPILE and ANALYZE' step in 'C:/Users/miche/Github_Repositories/I-DNN/vivado/vivado/I-DNN/I-DNN.sim/sim_1/behav/xsim'
"xvhdl --relax -prj I_layer_tb_vhdl.prj"
INFO: [VRFC 10-163] Analyzing VHDL file "C:/Users/miche/Github_Repositories/I-DNN/vivado/src/DNN/I_DNN_package.vhd" into library xil_defaultlib
INFO: [VRFC 10-163] Analyzing VHDL file "C:/Users/miche/Github_Repositories/I-DNN/vivado/src/NORM/TEST_ARCHITECTURE_PACKAGE.vhd" into library xil_defaultlib
INFO: [VRFC 10-163] Analyzing VHDL file "C:/Users/miche/Github_Repositories/I-DNN/vivado/src/NORM/NVME_FRAMEWORK_PACKAGE.vhd" into library xil_defaultlib
INFO: [VRFC 10-163] Analyzing VHDL file "C:/Users/miche/Github_Repositories/I-DNN/vivado/src/NORM/COMMON_PACKAGE.vhd" into library xil_defaultlib
INFO: [VRFC 10-163] Analyzing VHDL file "C:/Users/miche/Github_Repositories/I-DNN/vivado/src/NORM/var_counter.vhd" into library xil_defaultlib
INFO: [VRFC 10-3107] analyzing entity 'var_counter'
INFO: [VRFC 10-163] Analyzing VHDL file "C:/Users/miche/Github_Repositories/I-DNN/vivado/src/DNN/I_FSM_layer.vhd" into library xil_defaultlib
INFO: [VRFC 10-3107] analyzing entity 'I_FSM_layer'
INFO: [VRFC 10-163] Analyzing VHDL file "C:/Users/miche/Github_Repositories/I-DNN/vivado/src/DNN/I_neuron.vhd" into library xil_defaultlib
INFO: [VRFC 10-3107] analyzing entity 'I_neuron'
ERROR: [VRFC 10-3539] multiple declarations of 'to_sfixed' included via multiple use clauses; none are made directly visible [C:/Users/miche/Github_Repositories/I-DNN/vivado/src/DNN/I_neuron.vhd:168]
ERROR: [VRFC 10-3539] multiple declarations of 'to_sfixed' included via multiple use clauses; none are made directly visible [C:/Users/miche/Github_Repositories/I-DNN/vivado/src/DNN/I_neuron.vhd:198]
ERROR: [VRFC 10-3782] unit 'behavioral' ignored due to previous errors [C:/Users/miche/Github_Repositories/I-DNN/vivado/src/DNN/I_neuron.vhd:73]
INFO: [VRFC 10-3070] VHDL file 'C:/Users/miche/Github_Repositories/I-DNN/vivado/src/DNN/I_neuron.vhd' ignored due to errors
INFO: [USF-XSim-69] 'compile' step finished in '2' seconds
INFO: [USF-XSim-99] Step results log file:'C:/Users/miche/Github_Repositories/I-DNN/vivado/vivado/I-DNN/I-DNN.sim/sim_1/behav/xsim/xvhdl.log'
ERROR: [USF-XSim-62] 'compile' step failed with error(s). Please check the Tcl console output or 'C:/Users/miche/Github_Repositories/I-DNN/vivado/vivado/I-DNN/I-DNN.sim/sim_1/behav/xsim/xvhdl.log' file for more information.
ERROR: [Vivado 12-4473] Detected error while running simulation. Please correct the issue and retry this operation.
ERROR: [Common 17-39] 'launch_simulation' failed due to earlier errors.
set_property library ieee_proposed [get_files  C:/Users/miche/Desktop/temp/I-DNN/vivado/vivado/I-DNN/I-DNN.srcs/sources_1/imports/DNN/fixed_pkg_2008.vhd]
launch_simulation
Command: launch_simulation 
INFO: [Vivado 12-5682] Launching behavioral simulation in 'C:/Users/miche/Github_Repositories/I-DNN/vivado/vivado/I-DNN/I-DNN.sim/sim_1/behav/xsim'
INFO: [SIM-utils-51] Simulation object is 'sim_1'
INFO: [SIM-utils-54] Inspecting design source files for 'I_layer_tb' in fileset 'sim_1'...
INFO: [USF-XSim-97] Finding global include files...
INFO: [USF-XSim-100] Fetching design files from 'sources_1'...(this may take a while)...
INFO: [USF-XSim-101] Fetching design files from 'sim_1'...
INFO: [USF-XSim-2] XSim::Compile design
INFO: [USF-XSim-61] Executing 'COMPILE and ANALYZE' step in 'C:/Users/miche/Github_Repositories/I-DNN/vivado/vivado/I-DNN/I-DNN.sim/sim_1/behav/xsim'
"xvhdl --relax -prj I_layer_tb_vhdl.prj"
INFO: [VRFC 10-163] Analyzing VHDL file "C:/Users/miche/Github_Repositories/I-DNN/vivado/src/DNN/I_DNN_package.vhd" into library xil_defaultlib
ERROR: [VRFC 10-2987] 'fixed_pkg' is not compiled in library 'ieee_proposed' [C:/Users/miche/Github_Repositories/I-DNN/vivado/src/DNN/I_DNN_package.vhd:2]
ERROR: [VRFC 10-3782] unit 'i_dnn_package' ignored due to previous errors [C:/Users/miche/Github_Repositories/I-DNN/vivado/src/DNN/I_DNN_package.vhd:8]
INFO: [VRFC 10-3070] VHDL file 'C:/Users/miche/Github_Repositories/I-DNN/vivado/src/DNN/I_DNN_package.vhd' ignored due to errors
INFO: [USF-XSim-69] 'compile' step finished in '2' seconds
INFO: [USF-XSim-99] Step results log file:'C:/Users/miche/Github_Repositories/I-DNN/vivado/vivado/I-DNN/I-DNN.sim/sim_1/behav/xsim/xvhdl.log'
ERROR: [USF-XSim-62] 'compile' step failed with error(s). Please check the Tcl console output or 'C:/Users/miche/Github_Repositories/I-DNN/vivado/vivado/I-DNN/I-DNN.sim/sim_1/behav/xsim/xvhdl.log' file for more information.
ERROR: [Vivado 12-4473] Detected error while running simulation. Please correct the issue and retry this operation.
ERROR: [Common 17-39] 'launch_simulation' failed due to earlier errors.
exit
INFO: [Common 17-206] Exiting Vivado at Mon Jan  9 12:40:39 2023...
