srcscan starts
=============== Using vdb files for VHDL std libs ===========
INFO: The vhdl library search path for library "std" is now "C:/Xilinx/Vivado/2020.2/data/precomp_hsv/vhdl/std_2008" (VHDL-1505)
INFO: The vhdl library search path for library "synopsys" is now "C:/Xilinx/Vivado/2020.2/data/precomp_hsv/vhdl/synopsys_2008" (VHDL-1505)
INFO: The vhdl library search path for library "ieee" is now "C:/Xilinx/Vivado/2020.2/data/precomp_hsv/vhdl/ieee_2008" (VHDL-1505)
INFO: The vhdl library search path for library "unimacro" is now "C:/Xilinx/Vivado/2020.2/data/precomp_hsv/vhdl/unimacro_2008" (VHDL-1505)
INFO: The vhdl library search path for library "unisim" is now "C:/Xilinx/Vivado/2020.2/data/precomp_hsv/vhdl/unisim_2008" (VHDL-1505)
INFO: The vhdl library search path for library "vl" is now "C:/Xilinx/Vivado/2020.2/data/precomp_hsv/vhdl/vl_2008" (VHDL-1505)
INFO: The vhdl library search path for library "xpm" is now "C:/Xilinx/Vivado/2020.2/data/precomp_hsv/vhdl/xpm_2008" (VHDL-1505)
-- Analyzing VHDL file "C:/Users/miche/git/I-DNN/vivado/src/DNN/fixed_pkg_2008.vhd" into library ieee_proposed (VHDL-9003)
INFO: analyzing package 'fixed_pkg'

INFO: analyzing package body 'fixed_pkg'

-- Analyzing VHDL file "C:/Users/miche/git/I-DNN/vivado/src/DNN/I_DNN_package.vhd" into library xil_defaultlib (VHDL-9003)
INFO: analyzing package 'I_DNN_package'

INFO: analyzing package body 'I_DNN_package'

-- Analyzing VHDL file "C:/Users/miche/git/I-DNN/vivado/src/NORM/TEST_ARCHITECTURE_PACKAGE.vhd" into library xil_defaultlib (VHDL-9003)
INFO: analyzing package 'TEST_ARCHITECTURE_PACKAGE'

INFO: analyzing package body 'TEST_ARCHITECTURE_PACKAGE'

-- Analyzing VHDL file "C:/Users/miche/git/I-DNN/vivado/src/NORM/NVME_FRAMEWORK_PACKAGE.vhd" into library xil_defaultlib (VHDL-9003)
INFO: analyzing package 'NVME_FRAMEWORK_PACKAGE'

-- Analyzing VHDL file "C:/Users/miche/git/I-DNN/vivado/src/NORM/COMMON_PACKAGE.vhd" into library xil_defaultlib (VHDL-9003)
INFO: analyzing package 'COMMON_PACKAGE'

INFO: analyzing package body 'COMMON_PACKAGE'

-- Analyzing VHDL file "C:/Users/miche/git/I-DNN/vivado/src/NORM/fsm_nv_reg_db.vhd" into library xil_defaultlib (VHDL-9003)
INFO: analyzing entity 'fsm_nv_reg_db' (VHDL-1012)
INFO: analyzing architecture 'Behavioral' of entity 'fsm_nv_reg_db' (VHDL-9006)
-- Analyzing VHDL file "C:/Users/miche/git/I-DNN/vivado/src/NORM/instant_pwr_calc.vhd" into library xil_defaultlib (VHDL-9003)
INFO: analyzing entity 'instant_pwr_calc' (VHDL-1012)
INFO: analyzing architecture 'Behavioral' of entity 'instant_pwr_calc' (VHDL-9006)
-- Analyzing VHDL file "C:/Users/miche/git/I-DNN/vivado/src/NORM/mult.vhd" into library xil_defaultlib (VHDL-9003)
INFO: analyzing entity 'mult' (VHDL-1012)
INFO: analyzing architecture 'Behavioral' of entity 'mult' (VHDL-9006)
-- Analyzing VHDL file "C:/Users/miche/git/I-DNN/vivado/test/mult_tb.vhd" into library xil_defaultlib (VHDL-9003)
INFO: analyzing entity 'mult_tb' (VHDL-1012)
INFO: analyzing architecture 'Behavioral' of entity 'mult_tb' (VHDL-9006)
-- Analyzing VHDL file "C:/Users/miche/git/I-DNN/vivado/src/NORM/power_approximation.vhd" into library xil_defaultlib (VHDL-9003)
INFO: analyzing entity 'power_approximation' (VHDL-1012)
INFO: analyzing architecture 'Behavioral' of entity 'power_approximation' (VHDL-9006)
-- Analyzing VHDL file "C:/Users/miche/git/I-DNN/vivado/src/NORM/pwr_consumption_val_ROM.vhd" into library xil_defaultlib (VHDL-9003)
INFO: analyzing entity 'pwr_consumption_val_ROM' (VHDL-1012)
INFO: analyzing architecture 'Behavioral' of entity 'pwr_consumption_val_rom' (VHDL-9006)
-- Analyzing VHDL file "C:/Users/miche/git/I-DNN/vivado/src/NORM/rams_sp_rf.vhd" into library xil_defaultlib (VHDL-9003)
INFO: analyzing entity 'rams_sp_rf' (VHDL-1012)
INFO: analyzing architecture 'syn' of entity 'rams_sp_rf' (VHDL-9006)
-- Analyzing VHDL file "C:/Users/miche/git/I-DNN/vivado/src/NORM/INTERMITTENCY_EMULATOR_package.vhd" into library xil_defaultlib (VHDL-9003)
INFO: analyzing package 'INTERMITTENCY_EMULATOR_package'

INFO: analyzing package body 'INTERMITTENCY_EMULATOR_package'

-- Analyzing VHDL file "C:/Users/miche/git/I-DNN/vivado/src/DNN/I_DNN.vhd" into library xil_defaultlib (VHDL-9003)
INFO: analyzing entity 'I_DNN' (VHDL-1012)
INFO: analyzing architecture 'Behavioral' of entity 'i_dnn' (VHDL-9006)
-- Analyzing VHDL file "C:/Users/miche/git/I-DNN/vivado/src/DNN/I_DNN_MI_package.vhd" into library xil_defaultlib (VHDL-9003)
INFO: analyzing package 'I_DNN_MI_package'

INFO: analyzing package body 'I_DNN_MI_package'

-- Analyzing VHDL file "C:/Users/miche/git/I-DNN/vivado/test/I_DNN_multiple_images_tb.vhd" into library xil_defaultlib (VHDL-9003)
INFO: analyzing entity 'I_DNN_multiple_images_tb' (VHDL-1012)
INFO: analyzing architecture 'Behavioral' of entity 'i_dnn_multiple_images_tb' (VHDL-9006)
-- Analyzing VHDL file "C:/Users/miche/git/I-DNN/vivado/test/I_DNN_tb.vhd" into library xil_defaultlib (VHDL-9003)
INFO: analyzing entity 'I_DNN_tb' (VHDL-1012)
INFO: analyzing architecture 'Behavioral' of entity 'i_dnn_tb' (VHDL-9006)
-- Analyzing VHDL file "C:/Users/miche/git/I-DNN/vivado/src/DNN/I_FSM_layer.vhd" into library xil_defaultlib (VHDL-9003)
INFO: analyzing entity 'I_FSM_layer' (VHDL-1012)
INFO: analyzing architecture 'Behavioral' of entity 'i_fsm_layer' (VHDL-9006)
-- Analyzing VHDL file "C:/Users/miche/git/I-DNN/vivado/src/DNN/I_layer.vhd" into library xil_defaultlib (VHDL-9003)
INFO: analyzing entity 'I_layer' (VHDL-1012)
INFO: analyzing architecture 'Behavioral' of entity 'i_layer' (VHDL-9006)
-- Analyzing VHDL file "C:/Users/miche/git/I-DNN/vivado/test/I_layer_tb.vhd" into library xil_defaultlib (VHDL-9003)
INFO: analyzing entity 'I_layer_tb' (VHDL-1012)
INFO: analyzing architecture 'Behavioral' of entity 'i_layer_tb' (VHDL-9006)
-- Analyzing VHDL file "C:/Users/miche/git/I-DNN/vivado/test/I_layer_tb_hazard_scenarios.vhd" into library xil_defaultlib (VHDL-9003)
INFO: analyzing entity 'I_layer_tb_hazard_scenarios' (VHDL-1012)
INFO: analyzing architecture 'Behavioral' of entity 'i_layer_tb_hazard_scenarios' (VHDL-9006)
-- Analyzing VHDL file "C:/Users/miche/git/I-DNN/vivado/src/DNN/I_neuron.vhd" into library xil_defaultlib (VHDL-9003)
INFO: analyzing entity 'I_neuron' (VHDL-1012)
INFO: analyzing architecture 'Behavioral' of entity 'i_neuron' (VHDL-9006)
-- Analyzing VHDL file "C:/Users/miche/git/I-DNN/vivado/src/DNN/ReLU.vhd" into library xil_defaultlib (VHDL-9003)
INFO: analyzing entity 'ReLU' (VHDL-1012)
INFO: analyzing architecture 'Behavioral' of entity 'relu' (VHDL-9006)
-- Analyzing VHDL file "C:/Users/miche/git/I-DNN/vivado/src/DNN/SOFT_MAX.vhd" into library xil_defaultlib (VHDL-9003)
INFO: analyzing entity 'SOFT_MAX' (VHDL-1012)
INFO: analyzing architecture 'Behavioral' of entity 'soft_max' (VHDL-9006)
-- Analyzing VHDL file "C:/Users/miche/git/I-DNN/vivado/src/DNN/Sigmoid.vhd" into library xil_defaultlib (VHDL-9003)
INFO: analyzing entity 'Sigmoid' (VHDL-1012)
INFO: analyzing architecture 'Behavioral' of entity 'sigmoid' (VHDL-9006)
-- Analyzing VHDL file "C:/Users/miche/git/I-DNN/vivado/src/DNN/VAR_CNTR_PROCESS.vhd" into library xil_defaultlib (VHDL-9003)
INFO: analyzing entity 'VAR_CNTR_PROCESS' (VHDL-1012)
INFO: analyzing architecture 'Behavioral' of entity 'var_cntr_process' (VHDL-9006)
-- Analyzing VHDL file "C:/Users/miche/git/I-DNN/vivado/src/NORM/counter.vhd" into library xil_defaultlib (VHDL-9003)
INFO: analyzing entity 'counter' (VHDL-1012)
INFO: analyzing architecture 'Behavioral' of entity 'counter' (VHDL-9006)
-- Analyzing VHDL file "C:/Users/miche/git/I-DNN/vivado/src/NORM/fsm_nv_reg_cb.vhd" into library xil_defaultlib (VHDL-9003)
INFO: analyzing entity 'fsm_nv_reg_cb' (VHDL-1012)
C:/Users/miche/git/I-DNN/vivado/src/NORM/fsm_nv_reg_cb.vhd(42): INFO: The direction of input port <period_backup_clks> is not explicitly declared. This is valid but affects code readability (VHDL-9018)
INFO: analyzing architecture 'Behavioral' of entity 'fsm_nv_reg_cb' (VHDL-9006)
-- Analyzing VHDL file "C:/Users/miche/git/I-DNN/vivado/src/NORM/intermittency_emulator.vhd" into library xil_defaultlib (VHDL-9003)
INFO: analyzing entity 'intermittency_emulator' (VHDL-1012)
INFO: analyzing architecture 'Behavioral' of entity 'intermittency_emulator' (VHDL-9006)
-- Analyzing VHDL file "C:/Users/miche/git/I-DNN/vivado/src/NORM/nv_reg.vhd" into library xil_defaultlib (VHDL-9003)
INFO: analyzing entity 'nv_reg' (VHDL-1012)
INFO: analyzing architecture 'Behavioral' of entity 'nv_reg' (VHDL-9006)
-- Analyzing VHDL file "C:/Users/miche/git/I-DNN/vivado/src/NORM/nv_reg_emu.vhd" into library xil_defaultlib (VHDL-9003)
INFO: analyzing entity 'nv_reg_emu' (VHDL-1012)
INFO: analyzing architecture 'Behavioral' of entity 'nv_reg_emu' (VHDL-9006)
-- Analyzing VHDL file "C:/Users/miche/git/I-DNN/vivado/src/NORM/scaler.vhd" into library xil_defaultlib (VHDL-9003)
INFO: analyzing entity 'scaler' (VHDL-1012)
INFO: analyzing architecture 'Behavioral' of entity 'scaler' (VHDL-9006)
-- Analyzing VHDL file "C:/Users/miche/git/I-DNN/vivado/src/DNN/test_sfixed.vhd" into library xil_defaultlib (VHDL-9003)
INFO: analyzing entity 'test_sfixed' (VHDL-1012)
INFO: analyzing architecture 'Behavioral' of entity 'test_sfixed' (VHDL-9006)
-- Analyzing VHDL file "C:/Users/miche/git/I-DNN/vivado/src/NORM/trace_ROM.vhd" into library xil_defaultlib (VHDL-9003)
INFO: analyzing entity 'trace_ROM' (VHDL-1012)
INFO: analyzing architecture 'Behavioral' of entity 'trace_rom' (VHDL-9006)
-- Analyzing VHDL file "C:/Users/miche/git/I-DNN/vivado/src/DNN/unary_or.vhd" into library xil_defaultlib (VHDL-9003)
INFO: analyzing entity 'unary_OR' (VHDL-1012)
INFO: analyzing architecture 'unary_OR' of entity 'unary_or' (VHDL-9006)
-- Analyzing VHDL file "C:/Users/miche/git/I-DNN/vivado/src/NORM/var_counter.vhd" into library xil_defaultlib (VHDL-9003)
INFO: analyzing entity 'var_counter' (VHDL-1012)
INFO: analyzing architecture 'Behavioral' of entity 'var_counter' (VHDL-9006)
-- Analyzing VHDL file "C:/Users/miche/git/I-DNN/vivado/src/DNN/weight_memory.vhd" into library xil_defaultlib (VHDL-9003)
INFO: analyzing entity 'weight_memory' (VHDL-1012)
INFO: analyzing architecture 'Behavioral' of entity 'weight_memory' (VHDL-9006)
Listing tops:
VHDLTop: library:xil_defaultlib entity:mult_tb arch:
VHDLTop: library:xil_defaultlib entity:mult_tb arch:
VHDLTop: library:xil_defaultlib entity:i_dnn_multiple_images_tb arch:
VHDLTop: library:xil_defaultlib entity:i_dnn_multiple_images_tb arch:
VHDLTop: library:xil_defaultlib entity:i_dnn_tb arch:
VHDLTop: library:xil_defaultlib entity:i_dnn_tb arch:
VHDLTop: library:xil_defaultlib entity:i_layer_tb arch:
VHDLTop: library:xil_defaultlib entity:i_layer_tb arch:
VHDLTop: library:xil_defaultlib entity:i_layer_tb_hazard_scenarios arch:
VHDLTop: library:xil_defaultlib entity:i_layer_tb_hazard_scenarios arch:
VHDLTop: library:xil_defaultlib entity:var_cntr_process arch:
VHDLTop: library:xil_defaultlib entity:var_cntr_process arch:
VHDLTop: library:xil_defaultlib entity:fsm_nv_reg_cb arch:
VHDLTop: library:xil_defaultlib entity:fsm_nv_reg_cb arch:
VHDLTop: library:xil_defaultlib entity:test_sfixed arch:
VHDLTop: library:xil_defaultlib entity:test_sfixed arch:
END of tops
C:/Users/miche/git/I-DNN/vivado/src/DNN/fixed_pkg_2008.vhd(1282): WARNING: range is empty (null range) (VHDL-1200)
C:/Users/miche/git/I-DNN/vivado/src/DNN/fixed_pkg_2008.vhd(1283): WARNING: range is empty (null range) (VHDL-1200)
C:/Users/miche/git/I-DNN/vivado/src/DNN/fixed_pkg_2008.vhd(1284): WARNING: range is empty (null range) (VHDL-1200)
C:/Users/miche/git/I-DNN/vivado/src/DNN/fixed_pkg_2008.vhd(6239): WARNING: range is empty (null range) (VHDL-1200)
C:/Users/miche/git/I-DNN/vivado/test/mult_tb.vhd(41): INFO: executing 'mult_tb_default(Behavioral)' (VHDL-1067)
C:/Users/miche/git/I-DNN/vivado/src/NORM/mult.vhd(41): INFO: executing 'mult_default(Behavioral)' (VHDL-1067)
C:/Users/miche/git/I-DNN/vivado/test/I_DNN_multiple_images_tb.vhd(41): INFO: executing 'I_DNN_multiple_images_tb_default(Behavioral)' (VHDL-1067)
C:/Users/miche/git/I-DNN/vivado/src/NORM/intermittency_emulator.vhd(35): INFO: executing '\intermittency_emulator(voltage_trace_path="voltage_traces/voltage_trace2.txt")(1,33)\(Behavioral)' (VHDL-1067)
C:/Users/miche/git/I-DNN/vivado/src/NORM/trace_ROM.vhd(28): INFO: executing '\trace_ROM(num_elemnts_rom=18750,max_val=5282,voltage_trace_path="voltage_traces/voltage_trace2.txt")(1,33)\(Behavioral)' (VHDL-1067)
C:/Users/miche/git/I-DNN/vivado/src/NORM/scaler.vhd(34): INFO: executing '\scaler(prescaler=4)\(Behavioral)' (VHDL-1067)
C:/Users/miche/git/I-DNN/vivado/src/NORM/counter.vhd(34): INFO: executing '\counter(max=1,init_value=0,increase_by=1)\(Behavioral)' (VHDL-1067)
C:/Users/miche/git/I-DNN/vivado/src/NORM/counter.vhd(34): INFO: executing '\counter(max=18749,init_value=0,increase_by=1)\(Behavioral)' (VHDL-1067)
C:/Users/miche/git/I-DNN/vivado/src/DNN/I_DNN.vhd(42): INFO: executing '\I_DNN(neuron_inout_intwidth=11,neuron_inout_fracwidth=21,neuron_weight_intwidth=4,neuron_weight_fracwidth=28,sigmoid_inputdatawidth=5,sigmoid_inputdataintwidth=2,act_fun_type="_ReLU",dnn_prms_path="./tb_files/DNN/multiple_images/tb_training_02-21-23_10-58-02/")(1,5)(1,61)\(Behavioral)' (VHDL-1067)
C:/Users/miche/git/I-DNN/vivado/src/NORM/fsm_nv_reg_db.vhd(35): INFO: executing 'fsm_nv_reg_db_default(Behavioral)' (VHDL-1067)
C:/Users/miche/git/I-DNN/vivado/src/NORM/nv_reg.vhd(36): INFO: executing '\nv_reg(max_delay_ns=80,nv_reg_width=32,nv_reg_depth=65)\(Behavioral)' (VHDL-1067)
C:/Users/miche/git/I-DNN/vivado/src/NORM/rams_sp_rf.vhd(20): INFO: executing '\rams_sp_rf(ram_depth=65,ram_width=32)(1,17)\(syn)' (VHDL-1067)
C:/Users/miche/git/I-DNN/vivado/src/NORM/nv_reg_emu.vhd(39): INFO: executing '\nv_reg_emu(max_delay_ns=80)\(Behavioral)' (VHDL-1067)
C:/Users/miche/git/I-DNN/vivado/src/DNN/I_layer.vhd(38): INFO: executing '\I_layer(num_inputs=784,num_outputs=60,neuron_inout_intwidth=11,neuron_inout_fracwidth=21,neuron_weight_intwidth=4,neuron_weight_fracwidth=28,sigmoid_inputdatawidth=5,sigmoid_inputdataintwidth=2,lyr_prms_path="./tb_files/DNN/multiple_images/tb_training_02-21-23_10-58-02/")(1,4)(1,61)\(Behavioral)' (VHDL-1067)
C:/Users/miche/git/I-DNN/vivado/src/NORM/var_counter.vhd(28): INFO: executing '\var_counter(max=62,init_value=0,increase_by=1)\(Behavioral)' (VHDL-1067)
C:/Users/miche/git/I-DNN/vivado/src/DNN/I_FSM_layer.vhd(33): INFO: executing '\I_FSM_layer(num_outputs=60,rom_depth=784)\(Behavioral)' (VHDL-1067)
C:/Users/miche/git/I-DNN/vivado/src/DNN/I_neuron.vhd(39): INFO: executing '\I_neuron(rom_width=32,rom_depth=784,neuron_inout_intwidth=11,neuron_inout_fracwidth=21,neuron_weight_intwidth=4,neuron_weight_fracwidth=28,weight_file="../../../../../.././tb_files/DNN/multiple_images/tb_training_02-21-23_10-58-02/weights/w_1_0.mif",bias_file="../../../../../.././tb_files/DNN/multiple_images/tb_training_02-21-23_10-58-02/biases/b_1_0.mif",sigfilename="./tb_files/DNN/multiple_images/tb_training_02-21-23_10-58-02/sigmoid/SigContent.mif")(1,96)(1,95)(1,4)(1,83)\(Behavioral)' (VHDL-1067)
C:/Users/miche/git/I-DNN/vivado/src/DNN/ReLU.vhd(36): INFO: executing '\ReLU(data_width=32,relu_in_intwidth=11,relu_in_fracwidth=21,relu_out_intwidth=11,relu_out_fracwidth=21)\(Behavioral)' (VHDL-1067)
C:/Users/miche/git/I-DNN/vivado/src/DNN/unary_or.vhd(33): INFO: executing '\unary_OR(n=1)\(unary_OR)' (VHDL-1067)
C:/Users/miche/git/I-DNN/vivado/src/DNN/unary_or.vhd(44): WARNING: range is empty (null range) (VHDL-1200)
C:/Users/miche/git/I-DNN/vivado/src/DNN/weight_memory.vhd(38): INFO: executing '\weight_memory(rom_depth=784,rom_width=32,rom_frac_width=28,log_file="../../../../../.././tb_files/DNN/multiple_images/tb_training_02-21-23_10-58-02/weights/w_1_0.mif")(1,96)\(Behavioral)' (VHDL-1067)
C:/Users/miche/git/I-DNN/vivado/src/DNN/weight_memory.vhd(67): ERROR: failed to open VHDL file '../../../../../.././tb_files/DNN/multiple_images/tb_training_02-21-23_10-58-02/weights/w_1_0.mif' in mode 'r' (VHDL-1755)
C:/Users/miche/git/I-DNN/vivado/src/DNN/weight_memory.vhd(73): ERROR: file 'text_header' is not open (VHDL-1756)
C:/Users/miche/git/I-DNN/vivado/src/DNN/I_neuron.vhd(39): INFO: executing '\I_neuron(rom_width=32,rom_depth=784,neuron_inout_intwidth=11,neuron_inout_fracwidth=21,neuron_weight_intwidth=4,neuron_weight_fracwidth=28,weight_file="../../../../../.././tb_files/DNN/multiple_images/tb_training_02-21-23_10-58-02/weights/w_1_1.mif",bias_file="../../../../../.././tb_files/DNN/multiple_images/tb_training_02-21-23_10-58-02/biases/b_1_1.mif",sigfilename="./tb_files/DNN/multiple_images/tb_training_02-21-23_10-58-02/sigmoid/SigContent.mif")(1,96)(1,95)(1,4)(1,83)\(Behavioral)' (VHDL-1067)
C:/Users/miche/git/I-DNN/vivado/src/DNN/weight_memory.vhd(38): INFO: executing '\weight_memory(rom_depth=784,rom_width=32,rom_frac_width=28,log_file="../../../../../.././tb_files/DNN/multiple_images/tb_training_02-21-23_10-58-02/weights/w_1_1.mif")(1,96)\(Behavioral)' (VHDL-1067)
C:/Users/miche/git/I-DNN/vivado/src/DNN/weight_memory.vhd(67): ERROR: failed to open VHDL file '../../../../../.././tb_files/DNN/multiple_images/tb_training_02-21-23_10-58-02/weights/w_1_1.mif' in mode 'r' (VHDL-1755)
C:/Users/miche/git/I-DNN/vivado/src/DNN/weight_memory.vhd(73): ERROR: file 'text_header' is not open (VHDL-1756)
C:/Users/miche/git/I-DNN/vivado/src/DNN/I_neuron.vhd(39): INFO: executing '\I_neuron(rom_width=32,rom_depth=784,neuron_inout_intwidth=11,neuron_inout_fracwidth=21,neuron_weight_intwidth=4,neuron_weight_fracwidth=28,weight_file="../../../../../.././tb_files/DNN/multiple_images/tb_training_02-21-23_10-58-02/weights/w_1_2.mif",bias_file="../../../../../.././tb_files/DNN/multiple_images/tb_training_02-21-23_10-58-02/biases/b_1_2.mif",sigfilename="./tb_files/DNN/multiple_images/tb_training_02-21-23_10-58-02/sigmoid/SigContent.mif")(1,96)(1,95)(1,4)(1,83)\(Behavioral)' (VHDL-1067)
C:/Users/miche/git/I-DNN/vivado/src/DNN/weight_memory.vhd(38): INFO: executing '\weight_memory(rom_depth=784,rom_width=32,rom_frac_width=28,log_file="../../../../../.././tb_files/DNN/multiple_images/tb_training_02-21-23_10-58-02/weights/w_1_2.mif")(1,96)\(Behavioral)' (VHDL-1067)
C:/Users/miche/git/I-DNN/vivado/src/DNN/weight_memory.vhd(67): ERROR: failed to open VHDL file '../../../../../.././tb_files/DNN/multiple_images/tb_training_02-21-23_10-58-02/weights/w_1_2.mif' in mode 'r' (VHDL-1755)
C:/Users/miche/git/I-DNN/vivado/src/DNN/weight_memory.vhd(73): ERROR: file 'text_header' is not open (VHDL-1756)
C:/Users/miche/git/I-DNN/vivado/src/DNN/I_neuron.vhd(39): INFO: executing '\I_neuron(rom_width=32,rom_depth=784,neuron_inout_intwidth=11,neuron_inout_fracwidth=21,neuron_weight_intwidth=4,neuron_weight_fracwidth=28,weight_file="../../../../../.././tb_files/DNN/multiple_images/tb_training_02-21-23_10-58-02/weights/w_1_3.mif",bias_file="../../../../../.././tb_files/DNN/multiple_images/tb_training_02-21-23_10-58-02/biases/b_1_3.mif",sigfilename="./tb_files/DNN/multiple_images/tb_training_02-21-23_10-58-02/sigmoid/SigContent.mif")(1,96)(1,95)(1,4)(1,83)\(Behavioral)' (VHDL-1067)
C:/Users/miche/git/I-DNN/vivado/src/DNN/weight_memory.vhd(38): INFO: executing '\weight_memory(rom_depth=784,rom_width=32,rom_frac_width=28,log_file="../../../../../.././tb_files/DNN/multiple_images/tb_training_02-21-23_10-58-02/weights/w_1_3.mif")(1,96)\(Behavioral)' (VHDL-1067)
C:/Users/miche/git/I-DNN/vivado/src/DNN/weight_memory.vhd(67): ERROR: failed to open VHDL file '../../../../../.././tb_files/DNN/multiple_images/tb_training_02-21-23_10-58-02/weights/w_1_3.mif' in mode 'r' (VHDL-1755)
C:/Users/miche/git/I-DNN/vivado/src/DNN/weight_memory.vhd(73): ERROR: file 'text_header' is not open (VHDL-1756)
C:/Users/miche/git/I-DNN/vivado/src/DNN/I_neuron.vhd(39): INFO: executing '\I_neuron(rom_width=32,rom_depth=784,neuron_inout_intwidth=11,neuron_inout_fracwidth=21,neuron_weight_intwidth=4,neuron_weight_fracwidth=28,weight_file="../../../../../.././tb_files/DNN/multiple_images/tb_training_02-21-23_10-58-02/weights/w_1_4.mif",bias_file="../../../../../.././tb_files/DNN/multiple_images/tb_training_02-21-23_10-58-02/biases/b_1_4.mif",sigfilename="./tb_files/DNN/multiple_images/tb_training_02-21-23_10-58-02/sigmoid/SigContent.mif")(1,96)(1,95)(1,4)(1,83)\(Behavioral)' (VHDL-1067)
C:/Users/miche/git/I-DNN/vivado/src/DNN/weight_memory.vhd(38): INFO: executing '\weight_memory(rom_depth=784,rom_width=32,rom_frac_width=28,log_file="../../../../../.././tb_files/DNN/multiple_images/tb_training_02-21-23_10-58-02/weights/w_1_4.mif")(1,96)\(Behavioral)' (VHDL-1067)
C:/Users/miche/git/I-DNN/vivado/src/DNN/weight_memory.vhd(67): ERROR: failed to open VHDL file '../../../../../.././tb_files/DNN/multiple_images/tb_training_02-21-23_10-58-02/weights/w_1_4.mif' in mode 'r' (VHDL-1755)
C:/Users/miche/git/I-DNN/vivado/src/DNN/weight_memory.vhd(73): ERROR: file 'text_header' is not open (VHDL-1756)
C:/Users/miche/git/I-DNN/vivado/src/DNN/I_neuron.vhd(39): INFO: executing '\I_neuron(rom_width=32,rom_depth=784,neuron_inout_intwidth=11,neuron_inout_fracwidth=21,neuron_weight_intwidth=4,neuron_weight_fracwidth=28,weight_file="../../../../../.././tb_files/DNN/multiple_images/tb_training_02-21-23_10-58-02/weights/w_1_5.mif",bias_file="../../../../../.././tb_files/DNN/multiple_images/tb_training_02-21-23_10-58-02/biases/b_1_5.mif",sigfilename="./tb_files/DNN/multiple_images/tb_training_02-21-23_10-58-02/sigmoid/SigContent.mif")(1,96)(1,95)(1,4)(1,83)\(Behavioral)' (VHDL-1067)
C:/Users/miche/git/I-DNN/vivado/src/DNN/weight_memory.vhd(38): INFO: executing '\weight_memory(rom_depth=784,rom_width=32,rom_frac_width=28,log_file="../../../../../.././tb_files/DNN/multiple_images/tb_training_02-21-23_10-58-02/weights/w_1_5.mif")(1,96)\(Behavioral)' (VHDL-1067)
C:/Users/miche/git/I-DNN/vivado/src/DNN/weight_memory.vhd(67): ERROR: failed to open VHDL file '../../../../../.././tb_files/DNN/multiple_images/tb_training_02-21-23_10-58-02/weights/w_1_5.mif' in mode 'r' (VHDL-1755)
C:/Users/miche/git/I-DNN/vivado/src/DNN/weight_memory.vhd(73): ERROR: file 'text_header' is not open (VHDL-1756)
C:/Users/miche/git/I-DNN/vivado/src/DNN/I_neuron.vhd(39): INFO: executing '\I_neuron(rom_width=32,rom_depth=784,neuron_inout_intwidth=11,neuron_inout_fracwidth=21,neuron_weight_intwidth=4,neuron_weight_fracwidth=28,weight_file="../../../../../.././tb_files/DNN/multiple_images/tb_training_02-21-23_10-58-02/weights/w_1_6.mif",bias_file="../../../../../.././tb_files/DNN/multiple_images/tb_training_02-21-23_10-58-02/biases/b_1_6.mif",sigfilename="./tb_files/DNN/multiple_images/tb_training_02-21-23_10-58-02/sigmoid/SigContent.mif")(1,96)(1,95)(1,4)(1,83)\(Behavioral)' (VHDL-1067)
C:/Users/miche/git/I-DNN/vivado/src/DNN/weight_memory.vhd(38): INFO: executing '\weight_memory(rom_depth=784,rom_width=32,rom_frac_width=28,log_file="../../../../../.././tb_files/DNN/multiple_images/tb_training_02-21-23_10-58-02/weights/w_1_6.mif")(1,96)\(Behavioral)' (VHDL-1067)
C:/Users/miche/git/I-DNN/vivado/src/DNN/weight_memory.vhd(67): ERROR: failed to open VHDL file '../../../../../.././tb_files/DNN/multiple_images/tb_training_02-21-23_10-58-02/weights/w_1_6.mif' in mode 'r' (VHDL-1755)
C:/Users/miche/git/I-DNN/vivado/src/DNN/weight_memory.vhd(73): ERROR: file 'text_header' is not open (VHDL-1756)
C:/Users/miche/git/I-DNN/vivado/src/DNN/I_neuron.vhd(39): INFO: executing '\I_neuron(rom_width=32,rom_depth=784,neuron_inout_intwidth=11,neuron_inout_fracwidth=21,neuron_weight_intwidth=4,neuron_weight_fracwidth=28,weight_file="../../../../../.././tb_files/DNN/multiple_images/tb_training_02-21-23_10-58-02/weights/w_1_7.mif",bias_file="../../../../../.././tb_files/DNN/multiple_images/tb_training_02-21-23_10-58-02/biases/b_1_7.mif",sigfilename="./tb_files/DNN/multiple_images/tb_training_02-21-23_10-58-02/sigmoid/SigContent.mif")(1,96)(1,95)(1,4)(1,83)\(Behavioral)' (VHDL-1067)
C:/Users/miche/git/I-DNN/vivado/src/DNN/weight_memory.vhd(38): INFO: executing '\weight_memory(rom_depth=784,rom_width=32,rom_frac_width=28,log_file="../../../../../.././tb_files/DNN/multiple_images/tb_training_02-21-23_10-58-02/weights/w_1_7.mif")(1,96)\(Behavioral)' (VHDL-1067)
C:/Users/miche/git/I-DNN/vivado/src/DNN/weight_memory.vhd(67): ERROR: failed to open VHDL file '../../../../../.././tb_files/DNN/multiple_images/tb_training_02-21-23_10-58-02/weights/w_1_7.mif' in mode 'r' (VHDL-1755)
C:/Users/miche/git/I-DNN/vivado/src/DNN/weight_memory.vhd(73): ERROR: file 'text_header' is not open (VHDL-1756)
C:/Users/miche/git/I-DNN/vivado/src/DNN/I_neuron.vhd(39): INFO: executing '\I_neuron(rom_width=32,rom_depth=784,neuron_inout_intwidth=11,neuron_inout_fracwidth=21,neuron_weight_intwidth=4,neuron_weight_fracwidth=28,weight_file="../../../../../.././tb_files/DNN/multiple_images/tb_training_02-21-23_10-58-02/weights/w_1_8.mif",bias_file="../../../../../.././tb_files/DNN/multiple_images/tb_training_02-21-23_10-58-02/biases/b_1_8.mif",sigfilename="./tb_files/DNN/multiple_images/tb_training_02-21-23_10-58-02/sigmoid/SigContent.mif")(1,96)(1,95)(1,4)(1,83)\(Behavioral)' (VHDL-1067)
C:/Users/miche/git/I-DNN/vivado/src/DNN/weight_memory.vhd(38): INFO: executing '\weight_memory(rom_depth=784,rom_width=32,rom_frac_width=28,log_file="../../../../../.././tb_files/DNN/multiple_images/tb_training_02-21-23_10-58-02/weights/w_1_8.mif")(1,96)\(Behavioral)' (VHDL-1067)
C:/Users/miche/git/I-DNN/vivado/src/DNN/weight_memory.vhd(67): ERROR: failed to open VHDL file '../../../../../.././tb_files/DNN/multiple_images/tb_training_02-21-23_10-58-02/weights/w_1_8.mif' in mode 'r' (VHDL-1755)
C:/Users/miche/git/I-DNN/vivado/src/DNN/weight_memory.vhd(73): ERROR: file 'text_header' is not open (VHDL-1756)
C:/Users/miche/git/I-DNN/vivado/src/DNN/I_neuron.vhd(39): INFO: executing '\I_neuron(rom_width=32,rom_depth=784,neuron_inout_intwidth=11,neuron_inout_fracwidth=21,neuron_weight_intwidth=4,neuron_weight_fracwidth=28,weight_file="../../../../../.././tb_files/DNN/multiple_images/tb_training_02-21-23_10-58-02/weights/w_1_9.mif",bias_file="../../../../../.././tb_files/DNN/multiple_images/tb_training_02-21-23_10-58-02/biases/b_1_9.mif",sigfilename="./tb_files/DNN/multiple_images/tb_training_02-21-23_10-58-02/sigmoid/SigContent.mif")(1,96)(1,95)(1,4)(1,83)\(Behavioral)' (VHDL-1067)
C:/Users/miche/git/I-DNN/vivado/src/DNN/weight_memory.vhd(38): INFO: executing '\weight_memory(rom_depth=784,rom_width=32,rom_frac_width=28,log_file="../../../../../.././tb_files/DNN/multiple_images/tb_training_02-21-23_10-58-02/weights/w_1_9.mif")(1,96)\(Behavioral)' (VHDL-1067)
C:/Users/miche/git/I-DNN/vivado/src/DNN/weight_memory.vhd(67): ERROR: failed to open VHDL file '../../../../../.././tb_files/DNN/multiple_images/tb_training_02-21-23_10-58-02/weights/w_1_9.mif' in mode 'r' (VHDL-1755)
C:/Users/miche/git/I-DNN/vivado/src/DNN/weight_memory.vhd(73): ERROR: file 'text_header' is not open (VHDL-1756)
C:/Users/miche/git/I-DNN/vivado/src/DNN/I_neuron.vhd(39): INFO: executing '\I_neuron(rom_width=32,rom_depth=784,neuron_inout_intwidth=11,neuron_inout_fracwidth=21,neuron_weight_intwidth=4,neuron_weight_fracwidth=28,weight_file="../../../../../.././tb_files/DNN/multiple_images/tb_training_02-21-23_10-58-02/weights/w_1_10.mif",bias_file="../../../../../.././tb_files/DNN/multiple_images/tb_training_02-21-23_10-58-02/biases/b_1_10.mif",sigfilename="./tb_files/DNN/multiple_images/tb_training_02-21-23_10-58-02/sigmoid/SigContent.mif")(1,97)(1,96)(1,4)(1,83)\(Behavioral)' (VHDL-1067)
C:/Users/miche/git/I-DNN/vivado/src/DNN/weight_memory.vhd(38): INFO: executing '\weight_memory(rom_depth=784,rom_width=32,rom_frac_width=28,log_file="../../../../../.././tb_files/DNN/multiple_images/tb_training_02-21-23_10-58-02/weights/w_1_10.mif")(1,97)\(Behavioral)' (VHDL-1067)
C:/Users/miche/git/I-DNN/vivado/src/DNN/weight_memory.vhd(67): ERROR: failed to open VHDL file '../../../../../.././tb_files/DNN/multiple_images/tb_training_02-21-23_10-58-02/weights/w_1_10.mif' in mode 'r' (VHDL-1755)
C:/Users/miche/git/I-DNN/vivado/src/DNN/weight_memory.vhd(73): ERROR: file 'text_header' is not open (VHDL-1756)
C:/Users/miche/git/I-DNN/vivado/src/DNN/I_neuron.vhd(39): INFO: executing '\I_neuron(rom_width=32,rom_depth=784,neuron_inout_intwidth=11,neuron_inout_fracwidth=21,neuron_weight_intwidth=4,neuron_weight_fracwidth=28,weight_file="../../../../../.././tb_files/DNN/multiple_images/tb_training_02-21-23_10-58-02/weights/w_1_11.mif",bias_file="../../../../../.././tb_files/DNN/multiple_images/tb_training_02-21-23_10-58-02/biases/b_1_11.mif",sigfilename="./tb_files/DNN/multiple_images/tb_training_02-21-23_10-58-02/sigmoid/SigContent.mif")(1,97)(1,96)(1,4)(1,83)\(Behavioral)' (VHDL-1067)
C:/Users/miche/git/I-DNN/vivado/src/DNN/weight_memory.vhd(38): INFO: executing '\weight_memory(rom_depth=784,rom_width=32,rom_frac_width=28,log_file="../../../../../.././tb_files/DNN/multiple_images/tb_training_02-21-23_10-58-02/weights/w_1_11.mif")(1,97)\(Behavioral)' (VHDL-1067)
C:/Users/miche/git/I-DNN/vivado/src/DNN/weight_memory.vhd(67): ERROR: failed to open VHDL file '../../../../../.././tb_files/DNN/multiple_images/tb_training_02-21-23_10-58-02/weights/w_1_11.mif' in mode 'r' (VHDL-1755)
C:/Users/miche/git/I-DNN/vivado/src/DNN/weight_memory.vhd(73): ERROR: file 'text_header' is not open (VHDL-1756)
C:/Users/miche/git/I-DNN/vivado/src/DNN/I_neuron.vhd(39): INFO: executing '\I_neuron(rom_width=32,rom_depth=784,neuron_inout_intwidth=11,neuron_inout_fracwidth=21,neuron_weight_intwidth=4,neuron_weight_fracwidth=28,weight_file="../../../../../.././tb_files/DNN/multiple_images/tb_training_02-21-23_10-58-02/weights/w_1_12.mif",bias_file="../../../../../.././tb_files/DNN/multiple_images/tb_training_02-21-23_10-58-02/biases/b_1_12.mif",sigfilename="./tb_files/DNN/multiple_images/tb_training_02-21-23_10-58-02/sigmoid/SigContent.mif")(1,97)(1,96)(1,4)(1,83)\(Behavioral)' (VHDL-1067)
C:/Users/miche/git/I-DNN/vivado/src/DNN/weight_memory.vhd(38): INFO: executing '\weight_memory(rom_depth=784,rom_width=32,rom_frac_width=28,log_file="../../../../../.././tb_files/DNN/multiple_images/tb_training_02-21-23_10-58-02/weights/w_1_12.mif")(1,97)\(Behavioral)' (VHDL-1067)
C:/Users/miche/git/I-DNN/vivado/src/DNN/weight_memory.vhd(67): ERROR: failed to open VHDL file '../../../../../.././tb_files/DNN/multiple_images/tb_training_02-21-23_10-58-02/weights/w_1_12.mif' in mode 'r' (VHDL-1755)
C:/Users/miche/git/I-DNN/vivado/src/DNN/weight_memory.vhd(73): ERROR: file 'text_header' is not open (VHDL-1756)
C:/Users/miche/git/I-DNN/vivado/src/DNN/I_neuron.vhd(39): INFO: executing '\I_neuron(rom_width=32,rom_depth=784,neuron_inout_intwidth=11,neuron_inout_fracwidth=21,neuron_weight_intwidth=4,neuron_weight_fracwidth=28,weight_file="../../../../../.././tb_files/DNN/multiple_images/tb_training_02-21-23_10-58-02/weights/w_1_13.mif",bias_file="../../../../../.././tb_files/DNN/multiple_images/tb_training_02-21-23_10-58-02/biases/b_1_13.mif",sigfilename="./tb_files/DNN/multiple_images/tb_training_02-21-23_10-58-02/sigmoid/SigContent.mif")(1,97)(1,96)(1,4)(1,83)\(Behavioral)' (VHDL-1067)
C:/Users/miche/git/I-DNN/vivado/src/DNN/weight_memory.vhd(38): INFO: executing '\weight_memory(rom_depth=784,rom_width=32,rom_frac_width=28,log_file="../../../../../.././tb_files/DNN/multiple_images/tb_training_02-21-23_10-58-02/weights/w_1_13.mif")(1,97)\(Behavioral)' (VHDL-1067)
C:/Users/miche/git/I-DNN/vivado/src/DNN/weight_memory.vhd(67): ERROR: failed to open VHDL file '../../../../../.././tb_files/DNN/multiple_images/tb_training_02-21-23_10-58-02/weights/w_1_13.mif' in mode 'r' (VHDL-1755)
C:/Users/miche/git/I-DNN/vivado/src/DNN/weight_memory.vhd(73): ERROR: file 'text_header' is not open (VHDL-1756)
C:/Users/miche/git/I-DNN/vivado/src/DNN/I_neuron.vhd(39): INFO: executing '\I_neuron(rom_width=32,rom_depth=784,neuron_inout_intwidth=11,neuron_inout_fracwidth=21,neuron_weight_intwidth=4,neuron_weight_fracwidth=28,weight_file="../../../../../.././tb_files/DNN/multiple_images/tb_training_02-21-23_10-58-02/weights/w_1_14.mif",bias_file="../../../../../.././tb_files/DNN/multiple_images/tb_training_02-21-23_10-58-02/biases/b_1_14.mif",sigfilename="./tb_files/DNN/multiple_images/tb_training_02-21-23_10-58-02/sigmoid/SigContent.mif")(1,97)(1,96)(1,4)(1,83)\(Behavioral)' (VHDL-1067)
C:/Users/miche/git/I-DNN/vivado/src/DNN/weight_memory.vhd(38): INFO: executing '\weight_memory(rom_depth=784,rom_width=32,rom_frac_width=28,log_file="../../../../../.././tb_files/DNN/multiple_images/tb_training_02-21-23_10-58-02/weights/w_1_14.mif")(1,97)\(Behavioral)' (VHDL-1067)
C:/Users/miche/git/I-DNN/vivado/src/DNN/weight_memory.vhd(67): ERROR: failed to open VHDL file '../../../../../.././tb_files/DNN/multiple_images/tb_training_02-21-23_10-58-02/weights/w_1_14.mif' in mode 'r' (VHDL-1755)
C:/Users/miche/git/I-DNN/vivado/src/DNN/weight_memory.vhd(73): ERROR: file 'text_header' is not open (VHDL-1756)
C:/Users/miche/git/I-DNN/vivado/src/DNN/I_neuron.vhd(39): INFO: executing '\I_neuron(rom_width=32,rom_depth=784,neuron_inout_intwidth=11,neuron_inout_fracwidth=21,neuron_weight_intwidth=4,neuron_weight_fracwidth=28,weight_file="../../../../../.././tb_files/DNN/multiple_images/tb_training_02-21-23_10-58-02/weights/w_1_15.mif",bias_file="../../../../../.././tb_files/DNN/multiple_images/tb_training_02-21-23_10-58-02/biases/b_1_15.mif",sigfilename="./tb_files/DNN/multiple_images/tb_training_02-21-23_10-58-02/sigmoid/SigContent.mif")(1,97)(1,96)(1,4)(1,83)\(Behavioral)' (VHDL-1067)
C:/Users/miche/git/I-DNN/vivado/src/DNN/weight_memory.vhd(38): INFO: executing '\weight_memory(rom_depth=784,rom_width=32,rom_frac_width=28,log_file="../../../../../.././tb_files/DNN/multiple_images/tb_training_02-21-23_10-58-02/weights/w_1_15.mif")(1,97)\(Behavioral)' (VHDL-1067)
C:/Users/miche/git/I-DNN/vivado/src/DNN/weight_memory.vhd(67): ERROR: failed to open VHDL file '../../../../../.././tb_files/DNN/multiple_images/tb_training_02-21-23_10-58-02/weights/w_1_15.mif' in mode 'r' (VHDL-1755)
C:/Users/miche/git/I-DNN/vivado/src/DNN/weight_memory.vhd(73): ERROR: file 'text_header' is not open (VHDL-1756)
C:/Users/miche/git/I-DNN/vivado/src/DNN/I_neuron.vhd(39): INFO: executing '\I_neuron(rom_width=32,rom_depth=784,neuron_inout_intwidth=11,neuron_inout_fracwidth=21,neuron_weight_intwidth=4,neuron_weight_fracwidth=28,weight_file="../../../../../.././tb_files/DNN/multiple_images/tb_training_02-21-23_10-58-02/weights/w_1_16.mif",bias_file="../../../../../.././tb_files/DNN/multiple_images/tb_training_02-21-23_10-58-02/biases/b_1_16.mif",sigfilename="./tb_files/DNN/multiple_images/tb_training_02-21-23_10-58-02/sigmoid/SigContent.mif")(1,97)(1,96)(1,4)(1,83)\(Behavioral)' (VHDL-1067)
C:/Users/miche/git/I-DNN/vivado/src/DNN/weight_memory.vhd(38): INFO: executing '\weight_memory(rom_depth=784,rom_width=32,rom_frac_width=28,log_file="../../../../../.././tb_files/DNN/multiple_images/tb_training_02-21-23_10-58-02/weights/w_1_16.mif")(1,97)\(Behavioral)' (VHDL-1067)
C:/Users/miche/git/I-DNN/vivado/src/DNN/weight_memory.vhd(67): ERROR: failed to open VHDL file '../../../../../.././tb_files/DNN/multiple_images/tb_training_02-21-23_10-58-02/weights/w_1_16.mif' in mode 'r' (VHDL-1755)
C:/Users/miche/git/I-DNN/vivado/src/DNN/weight_memory.vhd(73): ERROR: file 'text_header' is not open (VHDL-1756)
C:/Users/miche/git/I-DNN/vivado/src/DNN/I_neuron.vhd(39): INFO: executing '\I_neuron(rom_width=32,rom_depth=784,neuron_inout_intwidth=11,neuron_inout_fracwidth=21,neuron_weight_intwidth=4,neuron_weight_fracwidth=28,weight_file="../../../../../.././tb_files/DNN/multiple_images/tb_training_02-21-23_10-58-02/weights/w_1_17.mif",bias_file="../../../../../.././tb_files/DNN/multiple_images/tb_training_02-21-23_10-58-02/biases/b_1_17.mif",sigfilename="./tb_files/DNN/multiple_images/tb_training_02-21-23_10-58-02/sigmoid/SigContent.mif")(1,97)(1,96)(1,4)(1,83)\(Behavioral)' (VHDL-1067)
C:/Users/miche/git/I-DNN/vivado/src/DNN/weight_memory.vhd(38): INFO: executing '\weight_memory(rom_depth=784,rom_width=32,rom_frac_width=28,log_file="../../../../../.././tb_files/DNN/multiple_images/tb_training_02-21-23_10-58-02/weights/w_1_17.mif")(1,97)\(Behavioral)' (VHDL-1067)
C:/Users/miche/git/I-DNN/vivado/src/DNN/weight_memory.vhd(67): ERROR: failed to open VHDL file '../../../../../.././tb_files/DNN/multiple_images/tb_training_02-21-23_10-58-02/weights/w_1_17.mif' in mode 'r' (VHDL-1755)
C:/Users/miche/git/I-DNN/vivado/src/DNN/weight_memory.vhd(73): ERROR: file 'text_header' is not open (VHDL-1756)
C:/Users/miche/git/I-DNN/vivado/src/DNN/I_neuron.vhd(39): INFO: executing '\I_neuron(rom_width=32,rom_depth=784,neuron_inout_intwidth=11,neuron_inout_fracwidth=21,neuron_weight_intwidth=4,neuron_weight_fracwidth=28,weight_file="../../../../../.././tb_files/DNN/multiple_images/tb_training_02-21-23_10-58-02/weights/w_1_18.mif",bias_file="../../../../../.././tb_files/DNN/multiple_images/tb_training_02-21-23_10-58-02/biases/b_1_18.mif",sigfilename="./tb_files/DNN/multiple_images/tb_training_02-21-23_10-58-02/sigmoid/SigContent.mif")(1,97)(1,96)(1,4)(1,83)\(Behavioral)' (VHDL-1067)
C:/Users/miche/git/I-DNN/vivado/src/DNN/weight_memory.vhd(38): INFO: executing '\weight_memory(rom_depth=784,rom_width=32,rom_frac_width=28,log_file="../../../../../.././tb_files/DNN/multiple_images/tb_training_02-21-23_10-58-02/weights/w_1_18.mif")(1,97)\(Behavioral)' (VHDL-1067)
C:/Users/miche/git/I-DNN/vivado/src/DNN/weight_memory.vhd(67): ERROR: failed to open VHDL file '../../../../../.././tb_files/DNN/multiple_images/tb_training_02-21-23_10-58-02/weights/w_1_18.mif' in mode 'r' (VHDL-1755)
C:/Users/miche/git/I-DNN/vivado/src/DNN/weight_memory.vhd(73): ERROR: file 'text_header' is not open (VHDL-1756)
C:/Users/miche/git/I-DNN/vivado/src/DNN/I_neuron.vhd(39): INFO: executing '\I_neuron(rom_width=32,rom_depth=784,neuron_inout_intwidth=11,neuron_inout_fracwidth=21,neuron_weight_intwidth=4,neuron_weight_fracwidth=28,weight_file="../../../../../.././tb_files/DNN/multiple_images/tb_training_02-21-23_10-58-02/weights/w_1_19.mif",bias_file="../../../../../.././tb_files/DNN/multiple_images/tb_training_02-21-23_10-58-02/biases/b_1_19.mif",sigfilename="./tb_files/DNN/multiple_images/tb_training_02-21-23_10-58-02/sigmoid/SigContent.mif")(1,97)(1,96)(1,4)(1,83)\(Behavioral)' (VHDL-1067)
C:/Users/miche/git/I-DNN/vivado/src/DNN/weight_memory.vhd(38): INFO: executing '\weight_memory(rom_depth=784,rom_width=32,rom_frac_width=28,log_file="../../../../../.././tb_files/DNN/multiple_images/tb_training_02-21-23_10-58-02/weights/w_1_19.mif")(1,97)\(Behavioral)' (VHDL-1067)
C:/Users/miche/git/I-DNN/vivado/src/DNN/weight_memory.vhd(67): ERROR: failed to open VHDL file '../../../../../.././tb_files/DNN/multiple_images/tb_training_02-21-23_10-58-02/weights/w_1_19.mif' in mode 'r' (VHDL-1755)
C:/Users/miche/git/I-DNN/vivado/src/DNN/weight_memory.vhd(73): ERROR: file 'text_header' is not open (VHDL-1756)
C:/Users/miche/git/I-DNN/vivado/src/DNN/I_neuron.vhd(39): INFO: executing '\I_neuron(rom_width=32,rom_depth=784,neuron_inout_intwidth=11,neuron_inout_fracwidth=21,neuron_weight_intwidth=4,neuron_weight_fracwidth=28,weight_file="../../../../../.././tb_files/DNN/multiple_images/tb_training_02-21-23_10-58-02/weights/w_1_20.mif",bias_file="../../../../../.././tb_files/DNN/multiple_images/tb_training_02-21-23_10-58-02/biases/b_1_20.mif",sigfilename="./tb_files/DNN/multiple_images/tb_training_02-21-23_10-58-02/sigmoid/SigContent.mif")(1,97)(1,96)(1,4)(1,83)\(Behavioral)' (VHDL-1067)
C:/Users/miche/git/I-DNN/vivado/src/DNN/weight_memory.vhd(38): INFO: executing '\weight_memory(rom_depth=784,rom_width=32,rom_frac_width=28,log_file="../../../../../.././tb_files/DNN/multiple_images/tb_training_02-21-23_10-58-02/weights/w_1_20.mif")(1,97)\(Behavioral)' (VHDL-1067)
C:/Users/miche/git/I-DNN/vivado/src/DNN/weight_memory.vhd(67): ERROR: failed to open VHDL file '../../../../../.././tb_files/DNN/multiple_images/tb_training_02-21-23_10-58-02/weights/w_1_20.mif' in mode 'r' (VHDL-1755)
C:/Users/miche/git/I-DNN/vivado/src/DNN/weight_memory.vhd(73): ERROR: file 'text_header' is not open (VHDL-1756)
C:/Users/miche/git/I-DNN/vivado/src/DNN/I_neuron.vhd(39): INFO: executing '\I_neuron(rom_width=32,rom_depth=784,neuron_inout_intwidth=11,neuron_inout_fracwidth=21,neuron_weight_intwidth=4,neuron_weight_fracwidth=28,weight_file="../../../../../.././tb_files/DNN/multiple_images/tb_training_02-21-23_10-58-02/weights/w_1_21.mif",bias_file="../../../../../.././tb_files/DNN/multiple_images/tb_training_02-21-23_10-58-02/biases/b_1_21.mif",sigfilename="./tb_files/DNN/multiple_images/tb_training_02-21-23_10-58-02/sigmoid/SigContent.mif")(1,97)(1,96)(1,4)(1,83)\(Behavioral)' (VHDL-1067)
C:/Users/miche/git/I-DNN/vivado/src/DNN/weight_memory.vhd(38): INFO: executing '\weight_memory(rom_depth=784,rom_width=32,rom_frac_width=28,log_file="../../../../../.././tb_files/DNN/multiple_images/tb_training_02-21-23_10-58-02/weights/w_1_21.mif")(1,97)\(Behavioral)' (VHDL-1067)
C:/Users/miche/git/I-DNN/vivado/src/DNN/weight_memory.vhd(67): ERROR: failed to open VHDL file '../../../../../.././tb_files/DNN/multiple_images/tb_training_02-21-23_10-58-02/weights/w_1_21.mif' in mode 'r' (VHDL-1755)
C:/Users/miche/git/I-DNN/vivado/src/DNN/weight_memory.vhd(73): ERROR: file 'text_header' is not open (VHDL-1756)
C:/Users/miche/git/I-DNN/vivado/src/DNN/I_neuron.vhd(39): INFO: executing '\I_neuron(rom_width=32,rom_depth=784,neuron_inout_intwidth=11,neuron_inout_fracwidth=21,neuron_weight_intwidth=4,neuron_weight_fracwidth=28,weight_file="../../../../../.././tb_files/DNN/multiple_images/tb_training_02-21-23_10-58-02/weights/w_1_22.mif",bias_file="../../../../../.././tb_files/DNN/multiple_images/tb_training_02-21-23_10-58-02/biases/b_1_22.mif",sigfilename="./tb_files/DNN/multiple_images/tb_training_02-21-23_10-58-02/sigmoid/SigContent.mif")(1,97)(1,96)(1,4)(1,83)\(Behavioral)' (VHDL-1067)
C:/Users/miche/git/I-DNN/vivado/src/DNN/weight_memory.vhd(38): INFO: executing '\weight_memory(rom_depth=784,rom_width=32,rom_frac_width=28,log_file="../../../../../.././tb_files/DNN/multiple_images/tb_training_02-21-23_10-58-02/weights/w_1_22.mif")(1,97)\(Behavioral)' (VHDL-1067)
C:/Users/miche/git/I-DNN/vivado/src/DNN/weight_memory.vhd(67): ERROR: failed to open VHDL file '../../../../../.././tb_files/DNN/multiple_images/tb_training_02-21-23_10-58-02/weights/w_1_22.mif' in mode 'r' (VHDL-1755)
C:/Users/miche/git/I-DNN/vivado/src/DNN/weight_memory.vhd(73): ERROR: file 'text_header' is not open (VHDL-1756)
C:/Users/miche/git/I-DNN/vivado/src/DNN/I_neuron.vhd(39): INFO: executing '\I_neuron(rom_width=32,rom_depth=784,neuron_inout_intwidth=11,neuron_inout_fracwidth=21,neuron_weight_intwidth=4,neuron_weight_fracwidth=28,weight_file="../../../../../.././tb_files/DNN/multiple_images/tb_training_02-21-23_10-58-02/weights/w_1_23.mif",bias_file="../../../../../.././tb_files/DNN/multiple_images/tb_training_02-21-23_10-58-02/biases/b_1_23.mif",sigfilename="./tb_files/DNN/multiple_images/tb_training_02-21-23_10-58-02/sigmoid/SigContent.mif")(1,97)(1,96)(1,4)(1,83)\(Behavioral)' (VHDL-1067)
C:/Users/miche/git/I-DNN/vivado/src/DNN/weight_memory.vhd(38): INFO: executing '\weight_memory(rom_depth=784,rom_width=32,rom_frac_width=28,log_file="../../../../../.././tb_files/DNN/multiple_images/tb_training_02-21-23_10-58-02/weights/w_1_23.mif")(1,97)\(Behavioral)' (VHDL-1067)
C:/Users/miche/git/I-DNN/vivado/src/DNN/weight_memory.vhd(67): ERROR: failed to open VHDL file '../../../../../.././tb_files/DNN/multiple_images/tb_training_02-21-23_10-58-02/weights/w_1_23.mif' in mode 'r' (VHDL-1755)
C:/Users/miche/git/I-DNN/vivado/src/DNN/weight_memory.vhd(73): ERROR: file 'text_header' is not open (VHDL-1756)
C:/Users/miche/git/I-DNN/vivado/src/DNN/I_neuron.vhd(39): INFO: executing '\I_neuron(rom_width=32,rom_depth=784,neuron_inout_intwidth=11,neuron_inout_fracwidth=21,neuron_weight_intwidth=4,neuron_weight_fracwidth=28,weight_file="../../../../../.././tb_files/DNN/multiple_images/tb_training_02-21-23_10-58-02/weights/w_1_24.mif",bias_file="../../../../../.././tb_files/DNN/multiple_images/tb_training_02-21-23_10-58-02/biases/b_1_24.mif",sigfilename="./tb_files/DNN/multiple_images/tb_training_02-21-23_10-58-02/sigmoid/SigContent.mif")(1,97)(1,96)(1,4)(1,83)\(Behavioral)' (VHDL-1067)
C:/Users/miche/git/I-DNN/vivado/src/DNN/weight_memory.vhd(38): INFO: executing '\weight_memory(rom_depth=784,rom_width=32,rom_frac_width=28,log_file="../../../../../.././tb_files/DNN/multiple_images/tb_training_02-21-23_10-58-02/weights/w_1_24.mif")(1,97)\(Behavioral)' (VHDL-1067)
C:/Users/miche/git/I-DNN/vivado/src/DNN/weight_memory.vhd(67): ERROR: failed to open VHDL file '../../../../../.././tb_files/DNN/multiple_images/tb_training_02-21-23_10-58-02/weights/w_1_24.mif' in mode 'r' (VHDL-1755)
C:/Users/miche/git/I-DNN/vivado/src/DNN/weight_memory.vhd(73): ERROR: file 'text_header' is not open (VHDL-1756)
C:/Users/miche/git/I-DNN/vivado/src/DNN/I_neuron.vhd(39): INFO: executing '\I_neuron(rom_width=32,rom_depth=784,neuron_inout_intwidth=11,neuron_inout_fracwidth=21,neuron_weight_intwidth=4,neuron_weight_fracwidth=28,weight_file="../../../../../.././tb_files/DNN/multiple_images/tb_training_02-21-23_10-58-02/weights/w_1_25.mif",bias_file="../../../../../.././tb_files/DNN/multiple_images/tb_training_02-21-23_10-58-02/biases/b_1_25.mif",sigfilename="./tb_files/DNN/multiple_images/tb_training_02-21-23_10-58-02/sigmoid/SigContent.mif")(1,97)(1,96)(1,4)(1,83)\(Behavioral)' (VHDL-1067)
C:/Users/miche/git/I-DNN/vivado/src/DNN/weight_memory.vhd(38): INFO: executing '\weight_memory(rom_depth=784,rom_width=32,rom_frac_width=28,log_file="../../../../../.././tb_files/DNN/multiple_images/tb_training_02-21-23_10-58-02/weights/w_1_25.mif")(1,97)\(Behavioral)' (VHDL-1067)
C:/Users/miche/git/I-DNN/vivado/src/DNN/weight_memory.vhd(67): ERROR: failed to open VHDL file '../../../../../.././tb_files/DNN/multiple_images/tb_training_02-21-23_10-58-02/weights/w_1_25.mif' in mode 'r' (VHDL-1755)
C:/Users/miche/git/I-DNN/vivado/src/DNN/weight_memory.vhd(73): ERROR: file 'text_header' is not open (VHDL-1756)
C:/Users/miche/git/I-DNN/vivado/src/DNN/I_neuron.vhd(39): INFO: executing '\I_neuron(rom_width=32,rom_depth=784,neuron_inout_intwidth=11,neuron_inout_fracwidth=21,neuron_weight_intwidth=4,neuron_weight_fracwidth=28,weight_file="../../../../../.././tb_files/DNN/multiple_images/tb_training_02-21-23_10-58-02/weights/w_1_26.mif",bias_file="../../../../../.././tb_files/DNN/multiple_images/tb_training_02-21-23_10-58-02/biases/b_1_26.mif",sigfilename="./tb_files/DNN/multiple_images/tb_training_02-21-23_10-58-02/sigmoid/SigContent.mif")(1,97)(1,96)(1,4)(1,83)\(Behavioral)' (VHDL-1067)
C:/Users/miche/git/I-DNN/vivado/src/DNN/weight_memory.vhd(38): INFO: executing '\weight_memory(rom_depth=784,rom_width=32,rom_frac_width=28,log_file="../../../../../.././tb_files/DNN/multiple_images/tb_training_02-21-23_10-58-02/weights/w_1_26.mif")(1,97)\(Behavioral)' (VHDL-1067)
C:/Users/miche/git/I-DNN/vivado/src/DNN/weight_memory.vhd(67): ERROR: failed to open VHDL file '../../../../../.././tb_files/DNN/multiple_images/tb_training_02-21-23_10-58-02/weights/w_1_26.mif' in mode 'r' (VHDL-1755)
C:/Users/miche/git/I-DNN/vivado/src/DNN/weight_memory.vhd(73): ERROR: file 'text_header' is not open (VHDL-1756)
C:/Users/miche/git/I-DNN/vivado/src/DNN/I_neuron.vhd(39): INFO: executing '\I_neuron(rom_width=32,rom_depth=784,neuron_inout_intwidth=11,neuron_inout_fracwidth=21,neuron_weight_intwidth=4,neuron_weight_fracwidth=28,weight_file="../../../../../.././tb_files/DNN/multiple_images/tb_training_02-21-23_10-58-02/weights/w_1_27.mif",bias_file="../../../../../.././tb_files/DNN/multiple_images/tb_training_02-21-23_10-58-02/biases/b_1_27.mif",sigfilename="./tb_files/DNN/multiple_images/tb_training_02-21-23_10-58-02/sigmoid/SigContent.mif")(1,97)(1,96)(1,4)(1,83)\(Behavioral)' (VHDL-1067)
C:/Users/miche/git/I-DNN/vivado/src/DNN/weight_memory.vhd(38): INFO: executing '\weight_memory(rom_depth=784,rom_width=32,rom_frac_width=28,log_file="../../../../../.././tb_files/DNN/multiple_images/tb_training_02-21-23_10-58-02/weights/w_1_27.mif")(1,97)\(Behavioral)' (VHDL-1067)
C:/Users/miche/git/I-DNN/vivado/src/DNN/weight_memory.vhd(67): ERROR: failed to open VHDL file '../../../../../.././tb_files/DNN/multiple_images/tb_training_02-21-23_10-58-02/weights/w_1_27.mif' in mode 'r' (VHDL-1755)
C:/Users/miche/git/I-DNN/vivado/src/DNN/weight_memory.vhd(73): ERROR: file 'text_header' is not open (VHDL-1756)
C:/Users/miche/git/I-DNN/vivado/src/DNN/I_neuron.vhd(39): INFO: executing '\I_neuron(rom_width=32,rom_depth=784,neuron_inout_intwidth=11,neuron_inout_fracwidth=21,neuron_weight_intwidth=4,neuron_weight_fracwidth=28,weight_file="../../../../../.././tb_files/DNN/multiple_images/tb_training_02-21-23_10-58-02/weights/w_1_28.mif",bias_file="../../../../../.././tb_files/DNN/multiple_images/tb_training_02-21-23_10-58-02/biases/b_1_28.mif",sigfilename="./tb_files/DNN/multiple_images/tb_training_02-21-23_10-58-02/sigmoid/SigContent.mif")(1,97)(1,96)(1,4)(1,83)\(Behavioral)' (VHDL-1067)
C:/Users/miche/git/I-DNN/vivado/src/DNN/weight_memory.vhd(38): INFO: executing '\weight_memory(rom_depth=784,rom_width=32,rom_frac_width=28,log_file="../../../../../.././tb_files/DNN/multiple_images/tb_training_02-21-23_10-58-02/weights/w_1_28.mif")(1,97)\(Behavioral)' (VHDL-1067)
C:/Users/miche/git/I-DNN/vivado/src/DNN/weight_memory.vhd(67): ERROR: failed to open VHDL file '../../../../../.././tb_files/DNN/multiple_images/tb_training_02-21-23_10-58-02/weights/w_1_28.mif' in mode 'r' (VHDL-1755)
C:/Users/miche/git/I-DNN/vivado/src/DNN/weight_memory.vhd(73): ERROR: file 'text_header' is not open (VHDL-1756)
C:/Users/miche/git/I-DNN/vivado/src/DNN/I_neuron.vhd(39): INFO: executing '\I_neuron(rom_width=32,rom_depth=784,neuron_inout_intwidth=11,neuron_inout_fracwidth=21,neuron_weight_intwidth=4,neuron_weight_fracwidth=28,weight_file="../../../../../.././tb_files/DNN/multiple_images/tb_training_02-21-23_10-58-02/weights/w_1_29.mif",bias_file="../../../../../.././tb_files/DNN/multiple_images/tb_training_02-21-23_10-58-02/biases/b_1_29.mif",sigfilename="./tb_files/DNN/multiple_images/tb_training_02-21-23_10-58-02/sigmoid/SigContent.mif")(1,97)(1,96)(1,4)(1,83)\(Behavioral)' (VHDL-1067)
C:/Users/miche/git/I-DNN/vivado/src/DNN/weight_memory.vhd(38): INFO: executing '\weight_memory(rom_depth=784,rom_width=32,rom_frac_width=28,log_file="../../../../../.././tb_files/DNN/multiple_images/tb_training_02-21-23_10-58-02/weights/w_1_29.mif")(1,97)\(Behavioral)' (VHDL-1067)
C:/Users/miche/git/I-DNN/vivado/src/DNN/weight_memory.vhd(67): ERROR: failed to open VHDL file '../../../../../.././tb_files/DNN/multiple_images/tb_training_02-21-23_10-58-02/weights/w_1_29.mif' in mode 'r' (VHDL-1755)
C:/Users/miche/git/I-DNN/vivado/src/DNN/weight_memory.vhd(73): ERROR: file 'text_header' is not open (VHDL-1756)
C:/Users/miche/git/I-DNN/vivado/src/DNN/I_neuron.vhd(39): INFO: executing '\I_neuron(rom_width=32,rom_depth=784,neuron_inout_intwidth=11,neuron_inout_fracwidth=21,neuron_weight_intwidth=4,neuron_weight_fracwidth=28,weight_file="../../../../../.././tb_files/DNN/multiple_images/tb_training_02-21-23_10-58-02/weights/w_1_30.mif",bias_file="../../../../../.././tb_files/DNN/multiple_images/tb_training_02-21-23_10-58-02/biases/b_1_30.mif",sigfilename="./tb_files/DNN/multiple_images/tb_training_02-21-23_10-58-02/sigmoid/SigContent.mif")(1,97)(1,96)(1,4)(1,83)\(Behavioral)' (VHDL-1067)
C:/Users/miche/git/I-DNN/vivado/src/DNN/weight_memory.vhd(38): INFO: executing '\weight_memory(rom_depth=784,rom_width=32,rom_frac_width=28,log_file="../../../../../.././tb_files/DNN/multiple_images/tb_training_02-21-23_10-58-02/weights/w_1_30.mif")(1,97)\(Behavioral)' (VHDL-1067)
C:/Users/miche/git/I-DNN/vivado/src/DNN/weight_memory.vhd(67): ERROR: failed to open VHDL file '../../../../../.././tb_files/DNN/multiple_images/tb_training_02-21-23_10-58-02/weights/w_1_30.mif' in mode 'r' (VHDL-1755)
C:/Users/miche/git/I-DNN/vivado/src/DNN/weight_memory.vhd(73): ERROR: file 'text_header' is not open (VHDL-1756)
C:/Users/miche/git/I-DNN/vivado/src/DNN/I_neuron.vhd(39): INFO: executing '\I_neuron(rom_width=32,rom_depth=784,neuron_inout_intwidth=11,neuron_inout_fracwidth=21,neuron_weight_intwidth=4,neuron_weight_fracwidth=28,weight_file="../../../../../.././tb_files/DNN/multiple_images/tb_training_02-21-23_10-58-02/weights/w_1_31.mif",bias_file="../../../../../.././tb_files/DNN/multiple_images/tb_training_02-21-23_10-58-02/biases/b_1_31.mif",sigfilename="./tb_files/DNN/multiple_images/tb_training_02-21-23_10-58-02/sigmoid/SigContent.mif")(1,97)(1,96)(1,4)(1,83)\(Behavioral)' (VHDL-1067)
C:/Users/miche/git/I-DNN/vivado/src/DNN/weight_memory.vhd(38): INFO: executing '\weight_memory(rom_depth=784,rom_width=32,rom_frac_width=28,log_file="../../../../../.././tb_files/DNN/multiple_images/tb_training_02-21-23_10-58-02/weights/w_1_31.mif")(1,97)\(Behavioral)' (VHDL-1067)
C:/Users/miche/git/I-DNN/vivado/src/DNN/weight_memory.vhd(67): ERROR: failed to open VHDL file '../../../../../.././tb_files/DNN/multiple_images/tb_training_02-21-23_10-58-02/weights/w_1_31.mif' in mode 'r' (VHDL-1755)
C:/Users/miche/git/I-DNN/vivado/src/DNN/weight_memory.vhd(73): ERROR: file 'text_header' is not open (VHDL-1756)
C:/Users/miche/git/I-DNN/vivado/src/DNN/I_neuron.vhd(39): INFO: executing '\I_neuron(rom_width=32,rom_depth=784,neuron_inout_intwidth=11,neuron_inout_fracwidth=21,neuron_weight_intwidth=4,neuron_weight_fracwidth=28,weight_file="../../../../../.././tb_files/DNN/multiple_images/tb_training_02-21-23_10-58-02/weights/w_1_32.mif",bias_file="../../../../../.././tb_files/DNN/multiple_images/tb_training_02-21-23_10-58-02/biases/b_1_32.mif",sigfilename="./tb_files/DNN/multiple_images/tb_training_02-21-23_10-58-02/sigmoid/SigContent.mif")(1,97)(1,96)(1,4)(1,83)\(Behavioral)' (VHDL-1067)
C:/Users/miche/git/I-DNN/vivado/src/DNN/weight_memory.vhd(38): INFO: executing '\weight_memory(rom_depth=784,rom_width=32,rom_frac_width=28,log_file="../../../../../.././tb_files/DNN/multiple_images/tb_training_02-21-23_10-58-02/weights/w_1_32.mif")(1,97)\(Behavioral)' (VHDL-1067)
C:/Users/miche/git/I-DNN/vivado/src/DNN/weight_memory.vhd(67): ERROR: failed to open VHDL file '../../../../../.././tb_files/DNN/multiple_images/tb_training_02-21-23_10-58-02/weights/w_1_32.mif' in mode 'r' (VHDL-1755)
C:/Users/miche/git/I-DNN/vivado/src/DNN/weight_memory.vhd(73): ERROR: file 'text_header' is not open (VHDL-1756)
C:/Users/miche/git/I-DNN/vivado/src/DNN/I_neuron.vhd(39): INFO: executing '\I_neuron(rom_width=32,rom_depth=784,neuron_inout_intwidth=11,neuron_inout_fracwidth=21,neuron_weight_intwidth=4,neuron_weight_fracwidth=28,weight_file="../../../../../.././tb_files/DNN/multiple_images/tb_training_02-21-23_10-58-02/weights/w_1_33.mif",bias_file="../../../../../.././tb_files/DNN/multiple_images/tb_training_02-21-23_10-58-02/biases/b_1_33.mif",sigfilename="./tb_files/DNN/multiple_images/tb_training_02-21-23_10-58-02/sigmoid/SigContent.mif")(1,97)(1,96)(1,4)(1,83)\(Behavioral)' (VHDL-1067)
C:/Users/miche/git/I-DNN/vivado/src/DNN/weight_memory.vhd(38): INFO: executing '\weight_memory(rom_depth=784,rom_width=32,rom_frac_width=28,log_file="../../../../../.././tb_files/DNN/multiple_images/tb_training_02-21-23_10-58-02/weights/w_1_33.mif")(1,97)\(Behavioral)' (VHDL-1067)
C:/Users/miche/git/I-DNN/vivado/src/DNN/weight_memory.vhd(67): ERROR: failed to open VHDL file '../../../../../.././tb_files/DNN/multiple_images/tb_training_02-21-23_10-58-02/weights/w_1_33.mif' in mode 'r' (VHDL-1755)
C:/Users/miche/git/I-DNN/vivado/src/DNN/weight_memory.vhd(73): ERROR: file 'text_header' is not open (VHDL-1756)
C:/Users/miche/git/I-DNN/vivado/src/DNN/I_neuron.vhd(39): INFO: executing '\I_neuron(rom_width=32,rom_depth=784,neuron_inout_intwidth=11,neuron_inout_fracwidth=21,neuron_weight_intwidth=4,neuron_weight_fracwidth=28,weight_file="../../../../../.././tb_files/DNN/multiple_images/tb_training_02-21-23_10-58-02/weights/w_1_34.mif",bias_file="../../../../../.././tb_files/DNN/multiple_images/tb_training_02-21-23_10-58-02/biases/b_1_34.mif",sigfilename="./tb_files/DNN/multiple_images/tb_training_02-21-23_10-58-02/sigmoid/SigContent.mif")(1,97)(1,96)(1,4)(1,83)\(Behavioral)' (VHDL-1067)
C:/Users/miche/git/I-DNN/vivado/src/DNN/weight_memory.vhd(38): INFO: executing '\weight_memory(rom_depth=784,rom_width=32,rom_frac_width=28,log_file="../../../../../.././tb_files/DNN/multiple_images/tb_training_02-21-23_10-58-02/weights/w_1_34.mif")(1,97)\(Behavioral)' (VHDL-1067)
C:/Users/miche/git/I-DNN/vivado/src/DNN/weight_memory.vhd(67): ERROR: failed to open VHDL file '../../../../../.././tb_files/DNN/multiple_images/tb_training_02-21-23_10-58-02/weights/w_1_34.mif' in mode 'r' (VHDL-1755)
C:/Users/miche/git/I-DNN/vivado/src/DNN/weight_memory.vhd(73): ERROR: file 'text_header' is not open (VHDL-1756)
C:/Users/miche/git/I-DNN/vivado/src/DNN/I_neuron.vhd(39): INFO: executing '\I_neuron(rom_width=32,rom_depth=784,neuron_inout_intwidth=11,neuron_inout_fracwidth=21,neuron_weight_intwidth=4,neuron_weight_fracwidth=28,weight_file="../../../../../.././tb_files/DNN/multiple_images/tb_training_02-21-23_10-58-02/weights/w_1_35.mif",bias_file="../../../../../.././tb_files/DNN/multiple_images/tb_training_02-21-23_10-58-02/biases/b_1_35.mif",sigfilename="./tb_files/DNN/multiple_images/tb_training_02-21-23_10-58-02/sigmoid/SigContent.mif")(1,97)(1,96)(1,4)(1,83)\(Behavioral)' (VHDL-1067)
C:/Users/miche/git/I-DNN/vivado/src/DNN/weight_memory.vhd(38): INFO: executing '\weight_memory(rom_depth=784,rom_width=32,rom_frac_width=28,log_file="../../../../../.././tb_files/DNN/multiple_images/tb_training_02-21-23_10-58-02/weights/w_1_35.mif")(1,97)\(Behavioral)' (VHDL-1067)
C:/Users/miche/git/I-DNN/vivado/src/DNN/weight_memory.vhd(67): ERROR: failed to open VHDL file '../../../../../.././tb_files/DNN/multiple_images/tb_training_02-21-23_10-58-02/weights/w_1_35.mif' in mode 'r' (VHDL-1755)
C:/Users/miche/git/I-DNN/vivado/src/DNN/weight_memory.vhd(73): ERROR: file 'text_header' is not open (VHDL-1756)
C:/Users/miche/git/I-DNN/vivado/src/DNN/I_neuron.vhd(39): INFO: executing '\I_neuron(rom_width=32,rom_depth=784,neuron_inout_intwidth=11,neuron_inout_fracwidth=21,neuron_weight_intwidth=4,neuron_weight_fracwidth=28,weight_file="../../../../../.././tb_files/DNN/multiple_images/tb_training_02-21-23_10-58-02/weights/w_1_36.mif",bias_file="../../../../../.././tb_files/DNN/multiple_images/tb_training_02-21-23_10-58-02/biases/b_1_36.mif",sigfilename="./tb_files/DNN/multiple_images/tb_training_02-21-23_10-58-02/sigmoid/SigContent.mif")(1,97)(1,96)(1,4)(1,83)\(Behavioral)' (VHDL-1067)
C:/Users/miche/git/I-DNN/vivado/src/DNN/weight_memory.vhd(38): INFO: executing '\weight_memory(rom_depth=784,rom_width=32,rom_frac_width=28,log_file="../../../../../.././tb_files/DNN/multiple_images/tb_training_02-21-23_10-58-02/weights/w_1_36.mif")(1,97)\(Behavioral)' (VHDL-1067)
C:/Users/miche/git/I-DNN/vivado/src/DNN/weight_memory.vhd(67): ERROR: failed to open VHDL file '../../../../../.././tb_files/DNN/multiple_images/tb_training_02-21-23_10-58-02/weights/w_1_36.mif' in mode 'r' (VHDL-1755)
C:/Users/miche/git/I-DNN/vivado/src/DNN/weight_memory.vhd(73): ERROR: file 'text_header' is not open (VHDL-1756)
