#-----------------------------------------------------------
# Vivado v2020.2 (64-bit)
# SW Build 3064766 on Wed Nov 18 09:12:45 MST 2020
# IP Build 3064653 on Wed Nov 18 14:17:31 MST 2020
# Start of session at: Sat Jan 21 19:00:00 2023
# Process ID: 1716
# Current directory: C:/Users/miche/Github_Repositories/I-DNN/vivado
# Command line: vivado.exe -mode tcl
# Log file: C:/Users/miche/Github_Repositories/I-DNN/vivado/vivado.log
# Journal file: C:/Users/miche/Github_Repositories/I-DNN/vivado\vivado.jou
#-----------------------------------------------------------
Vivado% set_param general.MaxThreads 4
4
Vivado% open_project ../../vivado/I-DNN/I-DNN.xpr
ERROR: [Coretcl 2-27] Can't find specified project.

Vivado% # Update top_level tesbench
Vivado% set_property top I_DNN_multiple_images_tb [get_filesets sim_1]
Vivado% set_property top_lib xil_defaultlib [get_filesets sim_1]
Vivado% update_compile_order -fileset sim_1
CRITICAL WARNING: [filemgmt 20-742] The top module "I_DNN_multiple_images_tb" specified for this project can not be validated. The current project is using automatic hierarchy update mode, and hence a new suitable replacement top will be automatically selected. If this is not desired, please change the hierarchy update mode to one of the manual compile order modes first, and then set top to any desired value.
Resolution: To switch to manual update order go to the Sources view, right-click on any node in the hierarchy and in the context menu select: 'Hierarchy Update' option 'No Update' or run the following Tcl Command: set_property source_mgmt_mode None [current_project] (which is the Manual Compile Order mode).
CRITICAL WARNING: [filemgmt 20-730] Could not find a top module in the fileset sim_1.
Resolution: With the gui up, review the source files in the Sources window. Use Add Sources to add any needed sources. If the files are disabled, enable them. You can also select the file and choose Set Used In from the pop-up menu. Review if they are being used at the proper points of the flow.
Vivado% set_property -name {xsim.simulate.runtime} -value {0us} -objects [get_filesets sim_1]
Vivado% set fp [open ./results/DB_results.txt w]
couldn't open "./results/DB_results.txt": no such file or directory
Vivado% launch_simulation
ERROR: [Common 17-53] User Exception: No open project. Please use Save Project As to save your work and re-do this operation.


Vivado% # Fixed time simulation start
Vivado% puts $fp "Fixed time simulation start ######################################"
can't read "fp": no such variable
Vivado% Vivado% set_param general.MaxThreads 4
4
Vivado% open_project ../../vivado/I-DNN/I-DNN.xpr
ERROR: [Coretcl 2-27] Can't find specified project.

Vivado% dir
WARNING: [Common 17-259] Unknown Tcl command 'dir' sending command to the OS shell for execution. It is recommended to use 'exec' to send the command to the OS shell.
Vivado% exit
INFO: [Common 17-206] Exiting Vivado at Sat Jan 21 19:01:21 2023...
